13459.0071
13205.3143
13930.8987
13973.8259
9472.0189
14560.9849
9059.7275
15652.0281
11639.9174
13054.0875
16242.8053
14056.0087
12998.1548
13724.1665
11906.0364
13911.1214
13778.0529
12131.1781
12919.1794
11929.6732
1281.4703
14370.1011
11603.9125
9273.5584
13443.1840
4335.1060
8433.6430
12008.2217
7492.9892
9972.4214
11133.5177
4678.0580
6933.4203
11420.6078
12291.6445
15385.4068
0.0000
11776.4908
12264.4006
14656.8633
11688.4487
0.0000
0.0000
6412.3440
9960.0925
15131.2515
12144.9738
14838.1664
14761.1989
8847.9282
15672.2440
14190.9691
12305.6544
4265.3581
11616.7709
15100.5274
12301.1625
12887.2003
3993.8578
4969.0217
14114.3580
15420.5988
4964.9085
13722.9495
15393.5659
7358.4328
15343.6654
3443.2211
6814.8963
10281.8252
9842.4664
10563.1145
13630.8365
13365.4760
210.1162
14790.7293
12483.1787
16639.8618
12636.2226
14287.7138
14164.0171
988.9156
13967.9547
10864.6786
13965.0472
11762.5286
10532.1507
12949.9723
7836.6920
14046.5008
11210.2214
13554.9194
12818.1328
11847.4209
9397.9714
10840.1006
14548.9779
10405.8141
14056.3200
12471.5838
13757.8078
15254.5870
9676.3792
12223.6187
11005.5403
11915.2422
0.0000
0.0000
12860.9500
14280.4220
15107.6076
12133.8240
5350.4897
7128.8403
14300.5743
13536.8942
12308.6671
9159.9848
2584.6494
13500.4884
9455.6251
10914.3865
6514.6061
14133.6006
14713.2458
11571.9412
11019.6966
10175.2468
14535.6071
14613.0255
14744.1177
14134.8450
0.0000
13543.5304
13217.5754
6422.4288
14853.7396
7617.8541
13349.6187
0.0000
7023.7841
12198.5925
4969.2502
13990.6528
11328.4122
2110.1045
13380.9773
0.0000
13201.7455
10165.5659
15804.5945
10487.4439
15034.0089
14769.1640
12976.6429
13992.4809
15677.2792
12262.0923
14549.8293
12867.4399
15663.8291
14533.1920
15006.8245
10343.8054
8574.7545
9050.6717
13307.9542
0.0000
13146.9315
13274.1845
14903.0393
6183.3514
13256.0254
14362.3426
8551.5170
10965.9326
2755.3995
8242.1369
11567.7158
15160.4919
0.0000
14769.0639
14301.9004
2133.5594
13225.5522
15448.9964
15320.8276
0.0000
12217.8486
4902.2185
14563.9337
11899.0311
10210.3574
9594.1254
14442.2281
13385.4996
15007.6619
13040.0815
0.0000
15824.2319
12941.6178
11952.2445
12177.7607
15244.3022
9103.9670
16407.6832
13061.2109
33.8949
566.7220
13935.2078
12938.4469
13593.3313
12994.7970
8250.2383
9232.4495
2185.4520
13531.2480
12431.7610
12401.0102
14551.7527
3451.2452
16342.6173
15816.9273
14815.4527
12568.8882
12543.6625
14044.1886
10287.9015
13370.5539
14973.9478
10351.4341
13124.9654
10854.2206
14509.5677
11611.3044
14774.3030
14647.5239
13571.8675
14031.2001
0.0000
12431.2995
14544.0988
14322.5341
7123.8078
16382.1594
12297.4653
15033.8105
15660.2483
14673.4720
14030.5104
5832.7771
15186.4834
14632.0850
2437.0690
14943.2916
8636.1915
9357.1867
13759.6208
12969.1728
14686.4624
11733.9238
13081.3124
11393.9811
10255.7408
13000.7694
0.0000
0.0000
15103.3296
12882.1511
12408.7138
16128.2011
11589.4201
10444.8955
14575.8913
9902.0389
12118.0103
14690.1535
6338.4931
12014.0107
14331.4765
0.0000
12963.5633
13328.9611
3769.5136
11800.8064
11228.8943
9498.3318
6416.1037
13379.7796
14497.8638
14767.0654
15038.4075
0.0000
10364.1039
11479.8664
0.0000
11217.4559
14189.5600
0.0000
8994.5233
13185.6966
13664.6708
13689.6359
12574.7890
0.0000
10916.0240
13808.4258
14799.3274
14781.7967
13439.1804
11079.6412
11986.5550
13405.0797
15284.8802
12858.2194
15016.4215
6248.7095
9106.9840
959.9644
12048.1870
7410.1317
13637.7040
7043.2390
15250.8032
0.0000
13178.8507
12637.3024
5184.3445
15181.5156
12674.5501
12060.8676
4526.4133
11188.2844
14736.6586
16088.4242
13091.2565
13472.6076
15690.1629
12040.2345
4990.2708
6336.4916
3238.7805
5968.1126
14147.5542
13086.3427
7989.5018
10249.4802
11689.2875
15939.3094
3602.0336
12556.6758
15023.4231
6901.5883
4257.5574
14161.1297
12322.6779
12444.9138
13820.7687
14293.6767
9838.4011
7635.0479
6857.8921
10255.2940
8619.3595
7468.9663
16083.0124
10371.4714
11745.3234
7209.5859
12170.8738
15351.9274
13441.8318
10048.0561
15034.1973
11658.4177
10455.2784
10380.7264
13892.6522
16207.4438
11620.3757
14308.0593
10247.7755
13084.3930
0.0000
4227.8927
14226.9613
5069.3616
10845.9462
4625.5824
15107.0313
2336.9630
12914.2392
16257.0965
15058.4180
153.4852
13679.1734
12353.7579
12622.3464
14743.1106
9028.8051
13707.8392
13785.4080
16030.2112
14325.9825
7735.5649
15072.8958
6306.8293
11144.5008
8288.9563
13378.5139
15083.7255
15135.9229
3211.2445
14031.8792
9713.5202
13563.5788
13941.1468
7818.9082
12264.9867
11904.9916
14641.0262
13945.2147
14166.6302
14920.0860
7716.9877
11080.5974
10162.3053
14156.3312
15293.2091
1778.6544
6469.5324
10240.9620
14123.9272
9499.5086
3269.9313
0.0000
13720.8874
11734.3759
9907.6686
13040.1222
13239.8005
6489.8812
13596.9925
6056.8331
14061.2699
14731.9697
13087.1290
13318.3855
12276.7473
11181.3109
13048.3695
7682.7345
13630.3473
13692.5904
11750.6970
13574.7947
12253.6584
12076.1491
15921.5803
11843.5136
14137.3936
16048.8494
14056.3133
8900.3371
13918.9480
2321.1769
14280.4521
12926.1725
13882.1801
9837.8174
14244.6114
12276.2554
14648.0673
10869.6545
12047.7628
12845.4028
14207.6793
14578.7322
0.0000
11848.8705
0.0000
15015.0395
13243.3883
7929.5231
14728.1813
6239.6571
15355.1823
12138.3563
8855.2705
7783.3995
9752.9988
3174.7462
13855.1865
11323.3826
13843.3672
9759.3827
14014.7450
10791.4109
15745.4771
12375.0988
8085.0603
12731.3446
9549.5755
11704.2881
15369.0253
0.0000
0.0000
7750.2676
5684.6583
13835.1618
12770.6253
3840.9166
10063.2808
12846.2732
6952.2398
12593.1284
10297.0367
15232.6857
0.0000
12558.8186
13355.5872
2707.9831
3836.2584
13479.4699
0.0000
14480.7099
14425.6299
0.0000
6836.9183
8050.4729
11124.9891
12302.3145
11457.1985
15763.0584
12764.0111
13945.9159
15982.7454
14399.0643
14817.0564
9384.5164
13094.1569
11903.6293
14927.8638
12704.9412
14528.2252
9558.1973
0.0000
0.0000
12925.7431
11916.0717
13287.4994
7908.0415
13046.0906
0.0000
11739.4477
14318.7209
13458.0799
16059.7405
12133.2417
15146.9021
10863.5899
14218.2419
5096.1353
0.0000
16369.8881
8663.6665
11589.7897
14582.0264
12707.7117
11946.5134
0.0000
15082.4670
0.0000
13422.6557
3847.6671
14943.0177
14895.4293
11376.5506
14295.3577
11453.4602
12662.4955
10924.5395
13251.0983
3609.7363
8551.9334
9902.4595
13546.6312
15320.7159
0.0000
4057.1722
12002.3838
11311.7693
0.0000
16140.1136
8994.4804
13758.3867
0.0000
14104.4580
13442.7620
11202.8812
6528.3537
13406.3685
12423.6822
13974.6030
6273.3708
12843.0837
0.0000
13143.5243
12905.1166
11598.8448
3178.6552
0.0000
13897.6765
7689.8865
13212.0271
16292.3355
11586.8050
13068.8503
11532.1784
3958.1156
4206.5366
1686.6866
14512.8814
6497.6414
15324.2670
7341.1833
13700.4717
15229.9354
14720.3210
13287.7154
10349.2356
15096.4185
12476.9784
13072.4324
10770.9920
13296.8561
15975.8785
7410.7894
0.0000
6926.6128
10700.7639
14392.3176
14613.5784
15405.9279
14747.1200
14088.8643
11355.1399
3972.4112
8158.7415
3202.7322
15600.0070
12005.6747
13334.0782
12921.8606
15888.3410
10854.9393
13765.7090
11081.1199
13597.7993
11086.0023
12133.5928
11851.2285
14927.7426
13972.6533
13218.7491
3464.4656
