0
6993
0
0
1456
0
0
0

6328
0
1672
0
1278
6322
5863
112
0
5733
5425
6322
6328

8911
8911
7965
2583
8908
8911
7965

8549
570
10440
0
0
7200
287
0
10440
0
10430
10434
6435
10230
10440
6612
10349
0
10349
10335
0
4662
2937

2079
7750
7750
0

591
0
0
0
0
0
0
0
0
591
0
0
0
0
0
591
0

1596
1001
56
1596
1271
1595
111
1596
0
1595
1596
1596
371
1595
1596
1596
0
1596
1596
1596
1596
1505
1596

7503
2750
7503
363
7503
243
0
5792
7503
1175

1156
0
0
0
370
2223
0
1215
2260
0
2673
0
2223
2650
0
1330
0
0
0
1651
0
151
0
1980
1273
0
1548
0
0

0
0
0
0
0
0
0
0
0
0
0
0
0
0
0
0
0
0
0
0
0
0
0
