0
0
0
0
0
0
0
0
0
0
0
0
0
0
0
0
0
0
0
0
0
0
0
0
0
0
0

1596
1001
56
1596
1271
1595
111
1596
0
1595
1596
1596
371
1595
1596
1596
0
1596
1596
1596
1596
1505
1596

8911
8911
7965
2583
8908
8911
7965

8256
8165
8256
8256
8256
8256
8165
8241
7080
8256
8256
8256
8256
2478
3503
255
8256
8256
8256
8256
8256
8256
0
8256
8256

591
0
0
0
0
0
0
0
0
591
0
0
0
0
0
591
0

8911
8911
8911
8911
8911
8911
8911
8911
0
6700
8911
8901
6895
8911
8911
8911
8911
1161
8911

0
0
0
0
0
0
0
0
0
0
0

0
0
0
0
0
0
0

0
3655
1444
3655
3655
3655
0
0
3649
3655
3645
0
3655

0
6993
0
0
1456
0
0
0
