3.0 %
12.0 %
3.1 %
2.5 %
3.9 %
7.6 %
7.5 %
7.0 %
6.0 %
7.1 %
2.4 %
4.4 %
3.8 %
8.2 %
4.3 %
4.6 %
3.5 %
7.4 %
4.4 %
8.1 %
4.6 %
7.2 %
6.2 %
8.1 %
9.0 %
5.1 %
5.5 %
6.8 %
4.3 %
4.5 %
3.4 %
2.7 %
17.1 %
4.6 %
2.5 %
6.8 %
4.6 %
2.6 %
3.1 %
8.5 %
3.6 %
5.2 %
9.6 %
6.7 %
3.4 %
4.6 %
2.7 %
9.4 %
4.6 %
3.2 %
9.4 %
4.3 %
2.5 %
4.3 %
2.5 %
6.3 %
4.8 %
4.6 %
14.8 %
2.6 %
2.9 %
3.4 %
8.6 %
2.4 %
9.4 %
3.7 %
14.0 %
5.7 %
3.2 %
6.5 %
6.3 %
3.3 %
5.5 %
4.2 %
2.7 %
4.4 %
5.3 %
4.7 %
3.5 %
6.2 %
6.1 %
7.7 %
2.8 %
6.1 %
6.5 %
7.1 %
10.6 %
5.2 %
3.6 %
3.2 %
4.5 %
4.3 %
3.7 %
4.9 %
5.7 %
2.7 %
2.8 %
4.9 %
3.7 %
2.6 %
