22626
227616
1609524
671952
1582766
1150184
15368
482878
2407158
2017920
101470
2778000
2254890
1358070
14976
1014178
828442
2115302
1611792
449650
108682
16072
1102922
279040
1206108
550396
58550
796324
2351738
1273542
864364
1681508
1110402
2280186
37964
2842120
1460760
2407158
1092448
1183438
1814826
1519078
145400
185238
19474
2096336
1068124
11444
413266
275476
1434458
2284
743784
177612
2040844
1128782
956426
326578
62340
714508
1358070
726132
78708
2108918
462010
1604
439354
844102
2028560
832762
1277574
28136
105784
592556
397840
424006
1047630
2737266
120796
1293172
1382170
142448
1179798
193492
676416
42256
255688
1409610
819186
1082416
1970156
519604
67458
2074932
1981304
2686
54012
764538
699452
571914
