146082
146082
146082
98165
146082
-6169
99655
95847
94073
146082
99671
-34517
146082
104468
146082
76311
146082
146082
141007
146082
76311
76311
76311
146082
-34806
146082
141007
79718
76311
98048
76311
141007
763
29969
-22051
94375
38976
122044
96337
-74245
96337
96337
96337
110987
146082
161134
99337
161134
-74302
111899
103773
29969
89189
103773
93719
111933
161134
93719
93719
93719
-74302
-6693
161134
82111
99285
-6693
161134
161134
93719
141007
93719
98165
141007
40746
161134
146082
161134
161134
141007
161134
40746
93719
161134
40746
93719
161134
141007
146082
277685
277685
277685
277685
205534
141007
30882
277685
9597
-37179
277685
93719
20179
99337
277685
-31448
-31448
97530
205534
195582
20179
99285
141007
205534
-1651
-1651
5761
-52144
205534
141007
277685
93086
52622
78046
212782
-16103
277685
99390
162160
277685
212782
-47481
135843
75876
277685
212782
135843
-29108
99337
-29108
277685
-29108
10059
172590
172590
177505
158064
270288
277685
277685
277685
-96453
277685
205534
205534
112011
112011
99737
158064
208628
141007
205534
66070
66070
-18902
66070
277685
141007
79097
277685
277685
50622
50622
70608
270288
205534
70608
112011
145879
-86854
277685
63161
63161
277685
208628
21390
277685
21390
63161
277685
270288
97417
205534
94375
277685
177355
88216
277685
88216
205534
165301
99737
92436
205534
165301
165301
277685
98862
277685
270288
205534
137851
65406
-45143
277685
98862
277685
158064
-91025
205534
141007
88888
208628
80940
179484
98862
277685
112167
123327
277685
141007
179484
123327
179484
89407
179484
-66864
-66864
277685
165888
277685
205534
-27285
24786
-27285
277685
-27285
277685
92436
14667
-162230
14667
277685
-66864
46543
222045
46543
87084
30639
277685
277685
112283
141007
270288
277685
123273
277685
132146
205534
-73688
8782
205534
145847
277685
207093
277685
205534
31984
277685
277685
165888
222045
92436
90588
90588
164591
88216
277685
207093
164591
92197
-98409
90492
277685
208628
208628
277685
277685
173575
-80792
33685
33685
55364
48239
270288
-66930
67914
277685
74267
99337
56286
277685
171008
150818
277685
277685
222045
171008
79353
221236
221236
171008
277685
221236
41850
59323
171033
120476
221236
165888
216718
157157
-60643
87535
94710
207093
277685
221236
270288
108305
108305
221236
277685
56409
222045
270288
205534
277685
167812
277685
277685
167812
167812
277685
167812
167812
167812
221236
167812
145847
45073
87107
270288
-32222
208628
244379
205534
244467
205534
277685
244379
277685
277685
4249
270288
171008
277685
270288
9376
277685
277685
277685
277685
7657
277685
208628
277685
34814
208628
205534
187664
222045
139716
98827
64361
64361
222045
244379
277685
31841
64361
277685
64361
244379
222045
-54650
31841
31841
205534
277685
-28488
-61008
270288
31627
49949
270288
277685
208628
98827
222045
-25287
39275
277685
277685
49949
165888
270288
12673
277685
9856
277685
39275
97149
208628
-123590
146644
98827
76855
-75399
244467
-75399
222045
208628
-75399
277685
-75399
136788
6138
222045
111145
-127151
277685
221236
6138
-86178
98827
205534
270288
97096
64082
277685
277685
39275
56605
207093
222045
56605
270288
39275
-7032
277685
27938
117097
-20390
165888
222045
205534
-11279
222045
84634
277685
270288
277685
270288
205534
277685
141007
270288
155150
11108
11108
98827
96661
131540
277685
93881
277685
69255
93881
277685
277685
277685
111448
277685
111448
69255
70526
277685
270288
111448
111448
84536
111448
277685
98862
244467
222045
-72689
62844
277685
-39425
-39425
