796148333
12060206
517641823
765457377
470734108
689163112
728767409
141085547
502889962
341234196
945736338
28990460
685007302
240484953
595824309
676821119
549344109
717314363
901557521
1310470
510115702
152474922
799638296
263339101
424752747
270108210
586054301
45301235
227411382
288390177
173340958
274861495
260654338
223203894
587527702
605833097
806253873
76383298
131602864
49936853
98091127
54725551
428905535
618841127
778287676
145768865
280143542
562914785
545874794
996025343
200267201
824521587
675606969
648838128
495103049
157524921
398443419
828473192
171949658
74081335
94326479
522259697
968461113
460296106
280236407
288631577
157038932
560357937
271851909
720631841
462024482
457018961
28353380
163076864
225053028
114902131
668117895
653650714
572432275
362026407
577432065
256610404
73518026
376858972
326494006
54961151
657814416
582196188
17658637
678030377
475172123
82373506
480413667
702643059
919722546
446053995
802412765
102908982
912565071
340028477
597896817
38352342
797894177
620381533
494218676
597898866
481241774
676702559
106480561
355421792
243052321
505172192
729351805
39349066
820040846
23598863
866328253
323034172
353534027
588067915
46812808
321890023
401364060
761741439
73874026
184950927
188600666
60905168
55066122
81690828
815923791
555580353
651091878
534287404
377544564
685290495
552045027
16403232
35674730
720583716
688216536
993585707
532170841
405528472
820785038
614036959
310582809
649532782
386704261
474440124
468974708
985096506
336160139
757164980
82989643
947442664
750443738
169560959
830719528
623649400
376058331
341049682
454224952
297563009
229751468
91068931
930620090
961659084
847164385
832591470
396467873
831319020
442144955
499464540
776718855
31590364
181952456
297939064
57146026
678951496
770264741
716110265
849694540
422222410
258741455
748511404
948037157
647840455
349685369
691236256
965434340
282208932
29964458
391772363
907304419
47274268
976452002
443252298
305017110
79013124
636174584
734336148
154777593
651772567
154852941
242798524
974051262
648818401
967442633
209911196
251995252
741199125
89435041
268352790
890565147
519308484
6672336
856200430
776791782
278007776
94629013
524435739
908997790
180252358
196538388
667597664
69565501
126605049
197753428
461980688
295665593
547795909
472687124
121711422
451817485
953556817
151972074
468283498
935732306
435021023
16830360
264717026
365334242
637163398
145117317
745929298
811213181
765141199
441605021
904502980
355260390
702371198
796469481
172884585
201588030
133522495
327074897
80626937
409715186
567051549
759056567
994259999
999850978
558486685
136132214
459740691
307549927
68543884
173838693
359730376
221981117
208979676
21463941
180792285
346518561
63029145
232912551
849958741
478099703
524485703
47379254
191776051
611575746
128659887
639942997
941690864
702488474
85595187
130297846
569678893
998240838
270496792
696406002
316728403
230684573
918148646
979268488
49583617
255864151
687188490
923489272
148015025
324035625
795845306
251447011
791549608
682471837
177228394
769423544
539435879
282987204
205585338
420847021
768866279
609575344
576771227
892963006
934074033
424958392
260541357
149486160
321028100
676735472
192032024
457152852
296041034
456880363
812935414
529436089
926272261
528285972
661593911
764700758
292944541
576542204
232492559
632092051
966155063
746970517
393900752
586251724
222948976
645604992
899026894
97831620
902870675
11614433
657279474
685706837
642148623
27125414
217485080
872926324
627791435
30109945
428137591
164159439
456712513
273657833
678847280
881696387
707865988
381371975
463644149
178636561
49088609
520670669
759599975
902247926
818617624
190516327
950965047
307553497
353045413
134594328
239321332
135524286
425478729
265339357
416342389
785010908
824767977
388605901
4200677
134886794
629247223
546451291
113746033
741926412
196476563
949851330
287132675
354691682
158779152
686315284
432853622
270335187
534873632
587963966
337237814
132995825
566756974
514223492
267481211
392885713
140529695
792944508
313202159
422134874
563446002
83099198
162424924
34698162
484037954
197984592
387407034
175941215
250122740
531619598
264711381
619905683
644922040
640238054
924213005
492341663
549370061
202318854
356634191
41506386
65920061
76862731
259590652
543305500
547813307
765059758
545479331
287697670
436114071
862581952
395085059
190370077
263640820
331357833
384754250
924215447
5173935
578780812
810903081
608551233
127418136
242468687
881831248
822200359
289258604
77137461
907658665
737194241
799597629
497081039
714607877
285641021
94373433
248010975
229763278
660034542
145271847
332085097
374807080
897902940
30576866
641372780
140555731
216138634
944233885
260815313
141449990
146219522
123505745
181624196
372286580
154748525
658105708
741094754
500262640
129151118
840605021
602015536
180958760
344931383
173215924
243165898
836430841
821812284
574172964
34586179
693185069
438449492
680132523
630710275
287584366
884270222
563846522
959526385
633328817
632040426
289198453
495552448
630313690
393592212
341356226
882055212
344695171
250335028
360556882
240595609
543551812
921887561
63338485
95630372
314157023
898248182
237489570
196654008
692027355
49197612
660641290
398174239
192713013
295898161
291597650
595942889
253533734
782533783
571747007
108798769
143907156
829251782
709945569
159209958
672952786
813451524
180151400
97578053
826818557
74550997
33659507
709672633
138823340
90933790
943771267
805531069
597718452
258066319
447945112
733277749
828606798
389102881
403248201
67647317
487800613
927062658
997901181
919395284
690150456
31954962
400602841
104583358
285772386
478401086
355589700
951778819
573068261
681648359
612756520
788054179
982328420
56527976
245941233
100759095
618989131
880841132
706315503
872140736
422487136
642427420
56341781
544159004
287309660
853916491
92564397
474017606
788632836
344259429
201201103
98446337
531028354
515939425
223597084
818160867
228095055
974545831
431482942
893253316
85453265
723842308
849507709
349346836
436545631
921888552
123775780
452128041
472651788
44099872
380054998
773275914
964904177
298773047
637503803
4203272
28730343
629470729
861801050
890238059
61417666
158560245
877558127
357380059
111110738
224054945
986022523
289226060
131071114
709401708
273033570
190472098
63289952
939868761
6157345
856426125
314340775
229009406
472977041
872406144
941282554
303071496
213827148
772582828
456709525
630161625
27742777
453213063
155291982
717891496
794194239
738894810
969160109
176867656
77122754
480371577
119410704
938926609
57787853
33817490
460059714
100356264
792259785
118809061
42864437
405506942
572864119
972771225
207766301
615880347
869015423
974901515
436285506
577852224
895061874
668113674
591342198
998979603
568611082
80803352
933387871
180157976
478196589
808760028
205543925
798599487
765961534
227772101
818261769
294500343
463079600
187327724
861096919
987854222
322326838
911252072
599293970
529982492
114515482
139421851
828908990
8701085
645869603
752677978
597823249
481760037
548427228
311897002
943288981
320468622
617004952
311505000
627417372
199100444
892554844
766984672
617387646
865765276
467502940
286868386
790879704
796536291
239551624
87537395
324892781
132205616
452470799
434247729
468891599
323686226
874100581
741832893
375690039
893301438
387388748
594458077
803713990
771681301
235302453
160740898
638611249
413719958
90528977
987621301
983885882
909115508
796804522
342308638
326439883
898672089
302479107
581283408
498154836
975036077
658848376
468512490
2137031
701619418
183160008
752636579
198885026
421532851
607352701
464934610
596787857
26348878
464491334
779110075
306033980
409356253
279708335
197000890
88926755
629491735
610406163
305569838
365324953
277813938
733480439
580709730
657619025
612007498
44443210
857438965
278818051
608116958
100322889
885430895
308344813
534283653
854053611
535328016
76631231
421017233
684040288
50647538
497921458
399661895
39670542
386480495
797592681
916140442
262246129
399533351
800909266
17755838
758299864
623328832
943989176
92775182
823804885
184364978
628399438
226832978
56851214
652484525
57306004
745093671
145448777
991585999
778079776
654568336
85674755
232556997
325744174
572238669
255194757
192269436
860799636
274990558
19791286
529044816
109470060
761665566
378273291
445451515
463264500
941874441
7958528
501308527
365998973
337559686
432454579
183519124
154409719
441255048
973052912
330716923
844057066
578931881
57368854
776737132
75834326
78952194
375569013
89179779
226933344
206999480
646267930
688254367
583860522
752008985
970217470
554101970
578748111
338199846
792154992
236682821
447726467
225785896
916346508
807059643
458936634
48972183
291527062
191306154
103369473
612825325
762076076
838445870
192105400
250045595
977272548
536885438
487774413
22372607
403817490
791455756
288500687
670756405
654606889
660074878
989243327
33741250
487298536
642372373
724697568
77720644
447549108
479937480
650444389
446857407
640696280
972915908
380258114
342719431
39711058
383655270
975528771
352706436
159988689
124509665
178096682
259732454
600656097
980133109
57289618
684370698
533550741
101220456
54663207
629119903
936759035
538375272
774844614
846014510
599027775
357835500
292079201
959911395
62384111
436994981
362467026
968956826
233738427
840713580
482983716
666084911
650462972
725361453
100834501
286233707
698904635
549051711
202930307
93546955
712524498
891190903
312273588
894399050
857782965
691552181
47902099
140251541
230184795
880308122
306634658
921421603
46257476
345564098
171127141
648077948
360318887
324449530
907107009
743665
280642814
272214630
800357676
394855514
51949152
568474698
388383036
678351019
871611545
454679435
911903040
870697087
991624918
50810129
970936002
918090882
673937308
793017095
100955608
552560282
290096381
168044494
220210089
816519360
166862757
604970651
303687682
395188057
505476642
711166071
654746114
980288011
298506902
943179067
396727759
408251627
342335596
121117036
692440729
934118538
934525824
823427215
310367156
941925636
184723036
647651321
772300820
400635725
369549972
721908175
195830570
922120340
684358772
577988280
694874585
682400629
273555362
763494076
720861451
977012233
27525243
579173654
91312379
260251822
478270721
23174986
267106896
173665547
120259838
318286382
649872303
398209121
160586241
851355374
11465772
709679132
705695896
867753325
251187028
232572399
40502258
882513796
412190914
833928038
671023611
378381929
554983552
314004788
245772695
982573976
941013047
518233369
253898195
340144238
731483206
656765594
847932588
460331952
657230765
620376315
219865922
533357740
710754997
171812786
607968425
681883253
52053886
253383448
314902126
566423377
655759476
154535913
581980219
922603019
722262060
513826805
598231484
897167482
817445448
857656045
690815186
351013419
188858447
436755584
581769379
282145009
141989400
838483433
170386887
298306229
43759717
130651073
307440299
686977826
994233440
578170457
536848458
139585219
47979189
664115536
244530995
819138310
266791309
356559653
886364235
717242753
610005806
449118108
406821878
387988178
483683106
921787746
861245826
426515731
437933314
645975760
437792237
863530803
496865117
799877669
754573769
890926568
47069739
638713006
553094423
673092267
616048719
593200115
239934755
280052964
992335277
43322350
179744178
836231130
701725664
54610871
255256000
714341550
562689382
715585911
221335109
28341987
342489087
159185217
63855746
97339226
550286571
651534800
864849401
841816294
406382556
953539332
368465500
36113070
422610504
140485912
462576049
520270955
551640524
655915609
948805194
176183575
756041908
279568488
198537102
34836536
797425763
626976137
836592643
349151769
632735621
351630846
825287007
603006006
166942157
311747544
216446000
381556219
192825039
401950957
684619877
389837109
851780422
747552434
233862756
235812837
372661598
523589852
527020624
853698647
900293978
238840285
540907384
18026190
913323601
266282348
393914394
129512130
945196605
573524943
601266965
418004382
78440502
402336742
192969672
335212180
564580929
829304892
293331365
230402815
401094262
262349075
437643160
74789750
95471841
57630008
24529759
26954265
245055284
591845860
295383983
804325541
48150560
189936323
246641873
718434260
258079112
397858232
535221350
335071170
303525145
323126222
205016711
379500418
679066787
190986048
781686242
625087823
260868271
92580399
304928720
743943017
187411986
494008203
132069118
207378989
661724194
758551316
643339387
782364574
661523916
751702437
24155067
631649088
955742487
308213391
581674545
402540022
42713208
915779727
156569065
755292194
633273144
663865631
565178423
300974451
189295466
40739839
933664543
822764802
369750471
879262445
56118320
797358419
658383689
49285496
456067383
920581937
886286377
664628717
707142238
396226907
398282018
348958433
804289908
477372627
492923983
10364434
574234419
43994739
906417337
622980655
568853721
666271651
985669669
633622111
171754002
675566884
652916966
912258108
195157642
868060465
948401045
83121708
448974777
754896560
63355948
248959964
281312998
402979359
320876004
941516365
236028378
288702136
862709697
933601916
693087504
116484110
738860450
899412445
368482488
537437300
425005340
511462260
433537666
628925263
340733837
368026447
514863510
377095996
371074326
552300307
775612349
496278054
83715398
688413780
303151835
119904181
355546112
939377059
67621375
697112972
494375220
534924055
304313269
784424550
777885506
106445997
237885700
38213470
619066722
904602653
80998502
122219644
832297256
532916771
411516713
338135678
857414681
325597010
952015195
698841890
7134460
62751809
506509733
54228115
279847331
921356512
316044252
349148541
927053269
940824251
470261378
154768591
192904948
237222171
968514447
267810812
269583585
851739195
172404282
946361271
297710782
991974410
303230313
618646259
433719058
979567262
286322061
979414469
992232381
622568700
698433342
959124046
839586647
949200000
666070617
269997529
302705743
311320594
137427334
38923688
785159196
175211899
633232739
404545398
777626825
653173534
698874084
451067317
715275254
921395221
680363925
711945975
176223467
34088611
280590337
51407336
169790540
934481677
671250034
271114388
525033525
347352159
479982840
711074890
326013941
818316785
419552939
55448232
743294690
709452717
421369335
33482376
545387103
436434895
259739794
537804985
89618999
731810574
459818614
466834988
595357802
592253703
260105181
824947850
249835515
802325686
473617703
747365297
803782221
582992976
852799402
93644394
608994885
920398980
422278598
657368375
221349975
84839370
863872731
892086856
73319561
541125096
357157675
955654435
378850430
100197028
764953209
18619650
402027638
973573532
317081889
807846211
767866167
500111725
7375986
679621801
398985044
884301270
6563496
860201588
944318453
962605759
296700988
171125816
150135524
67106375
398157039
803726090
468100583
724958204
528778237
224336577
450512141
238796067
335603903
743261318
576603630
565184895
642499268
593684338
347361720
131770242
870516525
640520560
921877819
784260060
467595054
146322862
529452461
373289079
350746945
72444938
635872399
342228214
273906969
684180470
225163305
750631712
787336290
343020988
175075317
630641609
453806043
784272979
2067954
487303945
788361235
707239669
490156607
521960112
874434377
627932339
58461282
358893853
913020877
965312990
648466387
553097844
770584578
544665954
896842033
160321952
359861358
81320673
479877329
836977427
244573349
8640806
282985155
712652435
304541135
862416033
648562571
697770499
274750622
124506510
681354502
524929428
153326677
870967437
592647597
877043077
156850312
935385244
201678032
104795362
417914082
400803386
226662061
783393848
603337761
86001694
587710081
421812309
285607022
358427688
120728493
360937532
386680167
373441971
734510276
755267870
776943620
638335271
758823274
443329248
825425122
268494727
223483825
497867651
607101550
942137228
257927531
797595781
368632787
305406820
188678426
195034659
950966100
733398138
139319503
360338771
279677029
646828825
297713720
228022045
652956832
649425926
996019249
753487964
850974656
494913254
756335275
749539998
562905928
207536634
106144884
165630531
814411489
272455601
172672728
465996282
709367512
729992349
917868994
570262894
840182967
237546270
112593396
347375237
399311982
14128487
277483760
646174935
720393032
214006236
443895439
943760628
548662389
223818388
325590697
580168985
739627526
498534316
822347915
448265194
863792969
673488091
803942333
287309175
351373849
261450981
675861388
998689357
834628854
994161937
727897519
301180909
84437969
494496152
278742424
11570095
186026086
622800170
178674038
733127249
424468147
452596990
39809140
162356857
952300461
598245224
876522687
544643482
144685653
690535166
31515352
645818644
763200018
509247173
48104115
19402765
604439145
37401848
731660294
227754147
766870697
517082874
336849066
277745754
711701520
739777912
40302458
44159004
560926893
591709520
292083455
121284120
637081523
172024408
996895722
259488292
110431333
692977696
891442928
315799084
873432041
214562034
451593006
99601323
203150741
191040119
187480572
608980406
470174252
354786395
29213778
30156828
92617371
772321205
466473584
955776246
679350759
575326392
848010434
948841650
666316184
670526396
30373161
848356715
61989466
76570228
923907611
39345153
572391128
526066196
585586411
182339100
312654866
416090028
363989739
186184909
91290557
950612885
501112188
946832306
887674656
849218765
698685734
56816547
526143754
567170021
483138456
171857855
957720587
511630104
380664639
781950518
838659808
952677774
144983861
897713456
909675181
132078849
378852770
898095613
807830128
933814948
812456056
233081730
737516368
962469608
716516255
474911384
672856666
384205394
280045837
274885605
347764472
581917026
586245423
997637513
9414927
316218237
49635183
761996613
259191988
801310815
253564627
525158639
558399495
14349932
243286195
273171375
874729170
196455465
198953390
108933443
422761560
355232075
343653161
622572127
135848671
415375470
324820079
925012620
439836889
584731248
488523834
726763974
341252872
620556425
278306911
723674410
664428518
243978042
633469795
213170497
204627163
397458685
447018553
975879127
602885472
439823662
631992687
145667739
194402002
511852567
965782512
744994763
403642210
210136066
13967011
933471351
969056793
504061354
592430516
909835499
262410851
152501914
808655627
833413680
561741352
129189218
491087341
657838489
49461742
591047745
109676055
739699076
496404326
522695140
844909567
351166096
858500369
869957825
165512809
461895982
311504616
640755268
388991479
53984367
431250973
558437110
29582200
567917831
81518471
915269067
930250585
584515974
89879829
786270525
624605088
640484050
789188341
440177017
91625561
57361927
592040650
745603847
692047149
79841406
694291316
857854087
781223788
773723480
941454571
492090720
300774342
349411666
712361475
503176753
901790494
783008341
82101634
677534416
587126332
809810567
434993741
196449092
127367572
910245979
773285478
566722230
577816996
728916815
105533130
63483323
203707771
375612096
64789828
366049019
497619403
530796428
730510168
560407448
514993707
264075136
104195542
827141152
932419008
989690923
310386213
843729521
596518994
852199852
699071804
31746761
707508213
612898014
950225260
402826164
915288427
229649239
856768135
406803701
325705755
999124679
843469019
33047783
583756654
799934311
240882150
128871711
999803907
352392093
928387074
429180852
683495704
409157711
473914310
203991181
638842714
605939995
603898773
113293911
58225537
437519643
932469554
993321089
924375884
386875183
250406713
409374375
958184343
461681153
298160
276389497
672962214
221394980
343723352
363270452
40134745
613866336
113871279
939448794
736180200
636930058
281376986
921672181
435689043
35703080
748435231
755994972
126298528
832355383
310346572
683929919
217937867
