800020218
364091934
904787997
447709335
492718273
488160891
721855356
422287000
962946359
894334481
281832640
145451618
364807911
873460562
690788095
150356397
972665066
773890439
605803512
20636562
643546412
604415465
81268475
629924246
865803129
145445283
862439666
498981787
80696452
414619443
336946528
904813357
127988124
325742788
582285859
410858867
965904860
359382112
458180451
400637652
359325311
752533606
162184874
721254803
845916592
528213589
343794866
197416107
255257837
239634596
35123780
61349793
110039416
964488194
267602728
231492416
846824029
21288290
147843993
922105045
712969297
390090024
3187438
215098231
539713182
278828799
134740161
920405526
734178786
920878415
425027125
939221131
295085053
270955328
145973401
91138745
393600438
347772076
865272533
983909991
271700510
983348566
260367511
575563604
688975637
140157480
594908988
350877654
935973224
315788773
865909881
562812294
529822517
744743231
78214065
330420897
968509061
913431039
993132159
937058285
180032105
845310360
381564431
553425075
465553106
596538550
554262287
28036826
895789476
547290318
160477347
313361259
214277164
721683929
298248021
865393113
349054190
234261980
522957096
67913466
673828081
82452470
169570759
872454248
250919029
192750554
734007676
472833708
68945023
704413534
605071844
404969964
902243386
255660090
539234517
328058833
991328683
456514336
702879738
81494651
684119208
682617788
810856436
498966908
213241079
927413946
89319849
817108227
531055428
955130858
378103439
54716584
412655202
499640687
77489368
320222003
458340731
398900357
549041407
935566736
272594482
818113829
974597196
909260390
338530297
314838701
676652844
508905431
505983243
277711698
186330215
819555133
651795637
786185724
772292185
330902778
66253960
523045217
165001157
282167301
356662141
333029718
849121681
499547578
932539982
666106526
173280642
23848008
756719979
171614850
160721717
156919336
931953774
375494581
31364823
311488153
323246868
965384092
106730556
524263861
973946319
182672884
624794733
471121966
715026793
417555203
1958420
682044840
255278043
371935525
778231509
241010810
390049471
422706456
943788564
599428074
848634609
172543805
238349268
74230386
928906659
535967259
15561749
151486440
628218397
86980310
247706611
492382644
479967713
41884808
714568732
550169221
708482413
208421988
538412886
896205227
429343167
171258310
984436314
68561026
934440656
348426800
861057359
255645748
309206090
716812249
239809898
650343541
933544740
730646356
860220367
755130712
572403274
554665592
605976100
979732116
648186558
456743033
179290297
575520529
478358300
576440962
539365357
177391889
499011238
871241970
586894788
399864986
149462182
428270470
700004468
771507171
507810049
72122690
610306999
502558309
342908485
225183427
45774614
277709467
839606849
121385751
569336348
213874039
405069267
964459823
964614797
827577822
722060417
77215317
45160601
826009754
393928523
205202338
615535255
894677589
711443338
775885208
2994170
718960297
517958660
762571083
636458461
528024000
494898300
588541899
910528963
59153381
332987420
705108261
678441850
642137811
563765298
563927584
993834010
939928057
176343507
826203212
340340992
292695759
156537692
815916912
846394200
85410948
107891191
868845877
476988943
566404832
296461813
981819084
851452450
504533755
320484701
31942906
546221309
407113126
381670733
82602881
607284913
497461136
917016831
759361986
487208320
493928504
339888189
610023556
118321386
958228201
365985306
459701983
98711876
729349237
37747052
454237530
221271420
541672129
329002443
320810835
576368308
390772938
530126157
884360196
345142393
23080572
359401835
713902605
164078593
736721990
775020916
782368133
359768337
221139640
682254300
394863475
408934454
479291530
286507246
979654806
554074687
596861223
301679650
144891346
844289093
876183953
570171796
941600552
356461046
633398762
235632278
699086849
751105730
113557115
537363864
653878702
732684282
379877174
652847895
404624201
178127067
530668996
21873997
12753689
145369166
659859926
593406613
488041075
652497082
417392323
687334080
635335214
54561694
660252491
913728523
90978062
784417913
171725227
590620425
531044108
405523170
552479989
300702949
716094917
671414442
463937782
746947343
919838682
88149315
585200885
657415683
503119253
492666801
866701749
889718521
665703232
912261940
581076877
211714239
315767829
612426952
314157581
110967734
596574702
624071252
940808757
609336518
550651065
760734576
820883971
38941795
815692412
344011227
738417692
657119715
67646015
221601127
463975964
557549779
455134601
65804033
851190989
999511687
844483329
976719487
688341488
200316673
913169111
183894668
950964001
795332446
328745040
620188138
841154460
465201410
211491979
891837245
43668927
51189654
441049492
985154716
331410845
70076075
87113254
847047978
756195654
114505136
878546268
713340292
587742961
795357864
98630590
982209351
595851810
229072431
817426024
251514382
709508472
117159244
646855388
337712680
280520652
467064369
69197808
496140520
791270945
517514429
170957760
180501924
431794211
802696088
578056290
626980703
976974058
975542449
471436491
136724947
155429246
939878830
953884002
262931545
947366794
916984542
601097092
3654863
334444030
797099697
753154737
558203424
948205180
237485811
831142939
995718305
561261899
541601977
494642721
351559223
770450298
405590806
137389977
583943024
694551641
918509363
623311489
300028425
725080584
511786850
835536211
431355680
75206307
472340846
337608595
115113666
723709637
699928221
566308629
724688820
133827871
661473410
186400254
868872154
539878299
123408925
613790033
49631931
172787046
778291561
359654513
741323549
87340714
881897296
351727005
32063125
114692191
970151164
665067676
484400215
12179639
724000077
309961907
64174392
724058670
272776028
45447935
137898240
119850109
308202438
899572518
928099477
642417587
496626253
942809686
948071202
417683595
867888459
682272616
25126351
481577587
748633221
28002469
241634975
40002089
452138327
670460860
415136774
991208179
575856858
989504400
933057203
252709558
973790568
901506900
752392591
521145023
50245073
270716240
493136032
896138240
945887323
328503481
271623400
455917987
570008528
77028934
300330355
204678830
779715996
690681742
178056490
447847802
690754818
268011703
213159127
100655310
743156188
350804814
474851766
538872297
262310436
754578268
113792345
948723506
540871160
39765585
727263070
486308908
901918598
284058940
659049029
319193396
749219452
678717961
541213964
117233995
322002586
941071246
126417391
380530665
327721716
61007740
64127404
338921162
660755112
855917103
732789639
345517441
828334439
63799864
189554330
829115337
579672986
955643959
225694660
370038773
68154256
502409283
828811863
728086507
378548141
368005488
451859110
839202146
294851143
144831568
715287824
757305433
211369456
696191538
914404239
185332211
645017633
458999698
439083196
562532520
422962710
887854526
797289485
423345681
650091557
20078167
659604819
22628166
895534165
810904522
627389474
75481845
635108883
870491801
418370930
46047226
299293231
393967579
401800714
720116206
180314785
834792750
699765226
821163008
283776002
452832424
137100934
473525355
107994496
550340547
705057688
205357860
939741738
764010492
219148843
312026861
784586477
50729182
385169511
363182841
543893995
367656078
849617394
334177041
631019980
938014249
601363869
200853215
629099046
619204498
601765662
275693832
503752850
366514443
484210836
482742216
200403172
571163259
108949499
697925813
326055977
89608825
98444090
692215751
974561625
226999578
567182833
662540407
954725072
743398773
107027250
497547199
491031511
324821712
862157001
107326128
695772391
428101907
59748657
990845825
839345416
132664477
233802177
679655698
206864205
721944439
677107225
529796078
258994591
699790563
891334071
194054540
466739953
520782654
175566478
651932239
466120262
193244855
910095213
816522244
501846324
639398882
959812091
497555659
737108009
900168192
392850775
784626548
658867227
249702482
6802363
878024796
197490353
347767528
155164267
771334255
500967258
740473373
637875398
782582401
495681245
525850663
204600714
978103842
512516168
36223658
352861852
748831362
798674577
767714429
475292986
262359133
3894397
372965830
146141364
666414883
920648622
756537429
569505679
321835361
554638721
743203842
954025386
47748035
70644414
699819689
22363553
25139456
414958259
932065044
810469893
509392824
935629076
585611689
292312387
637456347
933123289
152038799
960785683
663654559
924091382
981980738
467008167
845407744
864528601
489410078
953543730
147393980
38898315
988269778
434922186
716895730
633336277
951298277
88546042
714755984
793742241
862135814
596135083
379412551
925193257
111575261
452130478
18262616
742375940
843538767
44425281
972474102
327719250
225877912
568194176
858985609
753975499
749754561
384969950
25717890
958349748
27444595
227044977
806952730
856199897
458182170
574068161
679706890
59279709
153248736
522011912
239347087
11267643
459489434
945422216
831420567
241729799
285266724
178720260
366953428
727539898
469615861
119951425
636477304
297754612
212008896
76570852
190238882
916872973
7941002
587893609
539020545
521660287
295488440
896116923
43023794
710510943
995821325
104767246
928974889
281607871
138132799
948621315
188055222
784279081
544831143
870322378
594513612
963841991
132004523
710751634
252560710
850640843
327215217
765871070
659449964
901840646
677239664
371314972
340209958
724813872
700530731
853084309
854742850
202613830
542206575
49190967
912184664
571600757
899269684
528442817
714727488
702685645
670689586
939232516
511074335
72738367
347655965
193172770
972078698
859819355
849378719
661744665
521469301
108520017
658926332
744145920
788753485
364581289
810112538
634822191
685090312
719867708
794190618
101928200
899815905
960251050
320864737
321099698
268291217
798617159
601915695
653083910
133319035
155549733
601244766
790137565
729558030
624679117
328633626
58490992
878365263
802840879
559421392
253151355
923305289
364657891
825235965
131280438
957942073
20835974
459757007
190435847
676844957
857544245
452458396
662896336
449398105
761111888
457762712
887279654
33831147
53265336
24328059
338851985
943772187
130332424
378486183
421854302
818838478
374555220
621869400
474097564
579123462
228399123
345111074
703329098
393393406
297756045
163204561
691931501
962986834
214531346
399387955
18412468
317478816
656993523
558456015
310136679
344259571
118452273
573628891
208523480
909542058
642128416
327062838
328992052
979041966
333492205
53379157
674878651
925421546
231937783
78242321
823242232
248464742
44621030
808735418
806723752
758261634
74310651
936523010
104703839
66636831
154366674
961126647
41984475
298205189
545439290
972687417
999103659
352508651
625643174
627385401
912582772
109559097
244279427
707881803
208941856
825735425
665577809
581118425
350674040
859948523
62965529
222808348
745966205
698599363
196446380
586023296
740684722
126800544
434460452
695137921
648551210
324143628
657518021
730290953
44375466
18989601
922073461
388619995
738287087
728840831
809022321
80202462
309421946
513733528
60847932
190599761
842980434
940119031
475584013
418388321
271761796
744621990
164427493
454708854
935357710
614337728
681462505
12975516
871217129
784377411
665854753
896315610
209422398
428066236
617489951
922966786
582510183
494860432
643040672
302877865
748357663
908497493
949708144
504494580
829268199
929121458
751177870
955402242
695995691
252848780
269240168
700366344
527902887
308062202
290190086
938166288
964132169
547206789
393429003
238081593
796187628
977465823
552044499
589074363
845947113
619605326
29367907
638353229
636028086
553089193
392882257
326405306
470537065
571566497
107916548
382431954
684064457
293154276
495719979
283458611
188968131
79616437
358485149
392338721
386580475
416438053
880994071
714507829
892373472
25751631
562296694
671201681
513465567
245160156
469283950
587311019
428569737
123046862
211347667
853724765
802401857
759049250
220080340
894914696
721432882
242942553
988182769
61752908
372096026
351387548
637379515
432698588
512324828
729377138
860315749
182073122
645251651
201249558
823830319
187404772
183376082
379216328
354460235
34874869
132577046
946332363
988883734
439528397
72621227
700461209
854400632
285059091
855218675
401676767
24188362
518425122
470649495
769643929
340766639
761679589
362857130
405318586
495902587
628353085
679954059
819896107
70870488
495607328
722185328
104321732
757882945
448934849
927355865
658187600
515189434
555520290
85269858
323653532
911763457
412109960
984006225
605400755
467824445
448232526
77091721
934417337
307801769
954223811
617510647
803266992
90393784
941481338
268258945
928007228
238529844
958429442
135769722
49427118
572402608
520702918
756323178
244916034
974262479
237611708
257337743
677537650
359414337
411777305
451913402
683188763
362823024
118199683
196517789
638682527
387370533
841502310
252654828
651863362
224838992
171970341
493616560
210939407
584275590
888335036
267107852
362259238
384945238
823822340
24181294
238911282
226741894
653773468
704726457
687177672
246751471
927172483
606465015
699740063
774677004
436043637
27481173
612023584
624911786
430656251
495137946
89803990
950255038
821965939
788166482
431194644
272148899
514074320
303080233
88491844
152411291
679382804
524862197
482109497
89116995
91384487
760599481
66790031
668719472
885088927
621002388
992558910
311907380
159646870
255076432
126303996
944120904
97400175
492329187
484435792
986885829
543585799
231382070
932048854
81850058
698253956
326473094
412509518
624360186
636822593
223016284
267128630
546616188
338719600
640964714
497561122
812824114
452325835
483183033
624410137
29934334
514637008
729398922
703686329
101039329
710101401
827987016
578580438
782270150
438973677
912453519
810612937
493682434
229571259
846659640
388511446
50867211
185347646
101967445
224938764
489676108
75142118
348469097
817231055
270182234
818371806
393267137
55298488
169279305
899950193
338216872
267958360
564009077
708347646
419074920
535020892
440545569
998974660
483127239
781089954
520906339
399913144
940510532
277427263
42560400
729383583
529563912
459939105
446913899
689139843
328799976
20406960
375695311
159222266
325459195
728715886
304245076
793022415
759269554
54757836
446252480
289042037
594675862
413321692
551268301
764180049
708176212
203420768
816920228
517390524
639769102
575724123
506412267
475950629
492517235
72154489
295895538
432072953
85691451
406559429
160830504
222317915
523338625
208283998
845894945
598902202
381625308
970301782
702182401
445005234
569645609
264259237
805041626
177721343
303071894
19426064
605938456
607585235
993642836
344941386
539625311
191375461
968416661
960880556
476179927
649450060
689020235
896782736
897809067
724206372
173529290
820675598
801623599
812297082
687675198
130027185
831843972
3446108
598302158
968763953
207382497
885741667
542694403
734319264
404965719
640412279
288970406
917953942
397383621
996071534
494689559
8669180
707764395
404893833
456485810
416801988
94189006
331896825
807321976
868160807
456255902
265543210
211341517
494746688
790691110
420067
911465967
911739489
569203361
935216990
64597303
13346243
15678568
277399852
449980332
820334820
984765446
138738246
720739410
466841714
173254670
55184677
430476648
837690568
670182816
331652951
63883806
703678691
373824530
102184342
911285688
383869960
706987073
743910917
585625488
717529369
458902143
574030968
838338988
503429656
282576058
388659483
246849492
439575363
864852976
232913753
787552172
656154231
619018515
593251747
27689821
653550780
99889892
402310337
345561600
890178467
931530873
128988004
805439179
325058552
231001599
698958335
174973528
101529127
230070437
320756463
947510459
441602663
505718468
5624176
568378942
806858634
885849272
844205731
55219207
866887951
233754902
518253470
530013032
938564087
388790053
289006595
746203467
681705748
843706752
58317264
295281654
295219327
857896035
568314766
705222547
363488105
392275662
424602588
323995604
349642823
33758920
212145834
13487208
403985433
738872773
883852958
785034140
881453869
74299336
1507716
784742942
464496993
887760000
761057261
482117547
607573385
549863139
45481952
866552351
486789538
297564956
700557943
842626540
984009442
454310643
306254402
502569516
366435121
807186573
935094583
937579918
499421904
538002122
614989948
511221976
493905256
103201225
441502838
442640647
854542382
86575632
59850704
858313563
456859792
584897075
993410659
657001957
135569080
410003501
237723928
533368718
331764111
524388977
105834015
16867097
340460090
933535099
112882150
894266000
529890080
766091685
564920984
89979906
269243942
809232258
437300669
266769545
615382271
563785685
435133429
255732215
698525790
902986785
526326175
700659618
396359400
649163583
447931032
939058101
210676922
738165320
127693637
956341084
354286267
696868192
662596211
447036898
927650578
315537031
30821470
801391584
75920591
41009400
206949571
342360495
325775964
660084946
767135926
180451021
813408554
938402072
936112540
171361600
227351632
590544678
984471140
516338510
130819079
207244443
851853962
375168774
817674180
803743336
38684130
517065542
473961704
462464232
392959111
340213651
607322834
999839062
826763721
985589514
896716930
925026554
837722903
717742603
156947053
684372792
222008767
873074205
40066301
388232301
4128534
822405872
220593855
755213482
395204281
642845826
165485900
104138058
25829877
55518754
217132959
694272438
661378504
115450504
95279081
306250808
619207117
31165952
791113120
212572283
62622489
284131299
484239789
476049827
815130789
182721312
748885998
343848983
267909037
308987795
169954066
274252688
488455283
558636001
953097867
824894240
88394730
689095646
381471520
21693516
631895425
924855067
875200414
507136861
61803477
992104003
88407320
749181236
992917626
435637343
130520420
104604753
938783367
168345492
601838590
703570328
732586596
714877408
517654787
655031573
981654170
59728775
41189243
995772027
701343216
347170430
541493875
484353014
962515680
302247640
346676955
251524272
345903751
543984972
244428663
872503768
725660508
134980983
953408318
167107844
45976346
317114516
805430421
164071279
77843965
383802929
730082743
408985923
273167575
401331689
341903789
102350392
30676670
506252845
442799440
871241200
44395262
241532477
559378266
750542679
374401562
889799307
444476058
105424306
339919869
698340204
750213481
446940722
217897489
234061982
539383524
50734202
567966837
916569674
967613456
375517309
11138899
448533323
967610818
587155776
241937909
247815895
437612303
602156403
257224972
112212278
671420918
521428739
634747263
621020686
475378521
730275047
757060811
716270761
958008073
412202328
176408736
785553750
231849851
349349788
529502579
589717359
889103355
230254
344240967
152917369
644378586
312595079
919606315
939141786
728228668
287918008
191052652
407201855
743113696
2742969
751683963
870282186
595596856
210622591
408624126
319860776
815327971
525889773
114017152
762024534
51691456
141093020
15225087
849585024
595432207
344020381
460241516
480989422
8959057
955123637
747948876
53389964
726395733
818749741
656493449
698898621
681294500
355699032
441450054
396555524
872313725
763047032
372626654
316252662
886166656
55279566
30895202
518142457
215289905
587604938
846190832
665005874
974595344
913556169
669742591
805929972
647569582
408349928
200779063
827434283
408359996
663594221
740730116
320405585
734156313
299028724
871645033
165505440
736677929
236908754
488551352
180997647
498302803
418451871
748050559
990525819
554562947
403473421
734216844
288535758
862784891
809881649
105886945
458078153
681485
282904932
12219941
172250223
109345948
546806188
829670963
335472280
754345441
388407244
731442156
459387507
199092395
5281684
985540881
618306703
862963436
285906019
575915891
843252238
431285367
492753323
941073339
654483295
639872508
