703419236
380182506
68785724
647471101
757602487
76135092
344274659
314143486
616367215
532299032
782635644
367733864
289539876
445868456
749527045
413687885
66172867
785600612
613805130
590470749
762076932
338371116
471175809
69490210
877157345
464228398
159693572
591083771
310135047
84992873
864217899
745003836
241472476
571899446
333152977
236953239
714803062
595552812
856281841
682646290
501383408
326226282
733722026
361592381
417945293
306134962
536127618
601990189
426044330
306408055
29956524
730393001
514951741
419169986
436937395
289401925
818750829
876353193
109576119
211030883
494383343
213972306
821273082
148931916
717978833
55584676
709903833
948220722
410331652
458900987
571803904
871730434
855605577
73596213
542129820
775146562
144468667
463205356
338898417
768235537
51924693
332564060
250441906
685853561
755338447
247166110
119114841
916049888
818817801
9924148
373150889
862117477
214397997
727553813
135074857
364745725
19551056
226034219
75544302
305934339
184593804
80872887
300998383
554507035
254362699
983375503
101258601
230574107
269365866
665393920
293642355
798674855
757572062
371881754
733966534
768849408
103288919
495635498
564143354
612344418
552915775
936455171
589620932
661464350
73527046
703674091
816306404
767007582
40248108
285737447
4018258
954956737
913829080
946514650
781557863
178552209
630850772
969249523
136954261
612685813
522252324
719679347
630737388
17571385
313091901
838480963
161861081
485548574
448947068
84166582
967139709
978801573
386334969
817060966
52684359
883480495
161214250
364060364
437834164
567519925
730003550
915797317
93957444
657263746
244969757
624495247
66300295
194186009
633735636
17936254
639445084
438199179
434823896
670167109
981674557
845004531
545434472
875647347
930384633
170632431
76718007
849028825
326131369
383306491
228956038
736360562
574599250
315934234
850183035
780377991
560667228
808431449
344322478
24782642
740307059
856087981
796062892
512910471
990270465
42446803
861836415
650990889
47265031
643385746
867873560
479434650
374013082
617617225
540913304
130329431
990643764
986391764
703603805
811641615
65819709
840143620
7724703
326600432
548547287
602140931
845291765
310104602
704207875
701698057
443013041
738602703
721528655
768003876
254313231
386303215
107247439
922374717
875575333
504331305
598627846
79792586
951677697
207225481
445843947
802207518
173253376
63822820
682210700
530371308
873234746
447144323
806555082
727254193
742896702
902419086
440245012
709581781
896336197
514821678
576485909
650419026
396678055
75188397
356934930
755209803
233030360
45855757
912062006
786836053
735316823
545784095
674985159
407016035
334740806
14809759
192528601
677860421
531086698
372294617
37463514
397700911
967055097
613363410
229502836
620810356
341054432
623263843
241188786
7426257
587279039
194877004
992078116
562982982
646638375
36981767
373368970
603585740
890977727
773516748
184884494
9617927
11239194
335124803
126928152
567500164
891218517
540867962
696773489
321414293
778763269
847667044
499099037
986488328
583003619
487330314
14749124
924048294
473669142
297305754
349061426
925198439
986271555
640587855
70988538
723221370
340340491
948007957
58423596
406751334
529773533
317627835
821115269
524317273
128704462
65518053
978364194
613537422
273815419
379215554
806244256
788146705
160632782
593861446
990984679
920446123
911087985
269412914
165579527
980951987
97371337
600553210
136107514
201187961
145918619
883377223
492981350
359304416
252749318
592835201
219387499
960209719
719038209
235653277
994183205
330664865
190629652
871022019
780869315
385036867
382696618
730350672
397684603
759573616
282022890
444969566
809760234
134460270
461481688
186205643
837806512
514432160
14198458
513427690
595802742
483803252
826450289
575335125
135203546
590401720
633208012
837075863
536430132
449207986
88196770
624757064
907098077
894088294
465573148
158919207
378025463
627472621
813465239
275671853
738792438
34258949
13600437
542952727
591276304
396666879
847590630
497175087
342685059
697472743
836307513
129478746
723118898
179354480
273014167
557018485
738124432
783550774
332129833
987021853
320520296
474989261
229385074
510785169
735263224
759125785
583314964
227430954
739212303
41335625
101526646
663998113
873313011
868480830
983419089
931145002
383366479
43727945
337450346
617884746
518718399
794596398
927796409
272784520
131708063
113962514
939127235
259802443
86272203
448717603
259602308
594786680
475544905
480677334
417435802
653004385
271338301
604947988
558704097
587255580
834874387
338548860
202925172
826996082
296846860
935663021
399652345
983412515
727556472
924276968
742538249
127960863
284439684
617553799
316148221
458798429
656682220
81484851
344831040
132526042
449731944
721148152
748689656
434343277
849615600
685058107
23345281
890220464
922472777
357783694
882921416
221148301
265110121
781551980
259480946
508279089
762458002
717914159
556067008
345568189
349931629
277649416
525432508
356442896
252769681
174899690
466631595
958629372
540179842
938989474
472930018
842194710
380932160
301306993
725969017
663868361
663413517
380672038
96545602
895802462
707527539
548071888
629125773
117927599
751487109
609798187
643767624
750795040
448417033
658575373
221335231
363271654
942372140
927929455
858263945
632532999
203151937
895296982
329219312
973657187
393625954
876672121
49534067
4804307
766988388
791266644
216845305
273244729
406110694
30691433
923969243
187171093
54699040
235429860
655398910
449092049
822646686
71314927
515467233
489572998
222661212
583188569
870050791
984617237
2745688
408855283
759788506
429361294
808387847
748540817
143184533
572370911
114361647
660349209
983562724
556527005
992922237
344655731
413987823
785284895
474887152
409383172
255116158
875214675
668988388
16702357
391368343
967406963
643659766
18413486
141664017
19826628
626585879
714775683
595008899
425215234
611280661
987381173
899734923
704277091
710916913
880252203
974261812
989600518
701829166
100080286
766897935
117481547
524514858
734379573
462521338
128633223
175921095
893802658
414080280
887129069
662502720
709370703
878109816
203155195
428325757
606956423
82549337
257623777
280156535
115180242
422881814
445089718
761393738
641759278
577396363
61936613
634240933
308905127
347068814
123342025
553635575
921879580
816973672
59058737
838633741
452575268
837937350
678507260
348323066
727008960
452186162
544734585
472867464
917282568
479976504
884687347
712427664
898528636
189392238
55847426
895534076
898192811
155624278
46059252
951529796
278873048
993732525
185344108
184864112
143949963
104686107
301188500
557115486
322780490
345421538
806339163
79138378
164163934
394797595
664305400
141220273
744681709
206151878
497677777
861863577
431713222
38589571
712955342
260731920
933102705
773908676
469570354
740802935
215770779
906757000
68095842
248888142
894693436
193991186
900171320
999219855
284730265
267016953
589608982
524005215
352091623
793004676
786492289
841458214
163075173
297493185
514769174
915539629
958463526
855038653
621198410
951058022
285968300
692540182
320298714
500037555
421987505
212344342
586479314
827487559
228291870
849754665
594997221
52377817
673004864
164471415
721825573
791081379
194196045
244771541
68455711
330663761
428634119
96760974
23362120
229980227
8030690
177438266
333376352
510147514
836314521
810279753
577119671
166490557
775392582
306485816
186867259
320803997
11237464
532910395
455187555
109713428
178003648
747162943
859456929
925863569
653550980
699044547
724825910
832272941
482971190
510959123
333028313
106986635
561418222
160390111
23643305
913549127
884499879
962433344
138791880
917568110
345118453
942966290
200616457
46432895
499135823
825555649
425946373
429351061
667181346
76822865
191967245
517861576
701636894
362839666
71922778
224811611
933870352
358239204
229519841
756967283
500281163
297674721
136027641
43598564
332004747
230035119
299503803
582262483
775031967
156634240
607166495
811612658
322240775
241688964
837404222
150741572
50258415
314612916
837441793
818064892
85224626
937948943
46112840
255850611
408123079
20890645
232862020
606015326
113743883
106079031
714882293
725520395
65478729
789641807
166256353
185478927
703881268
821045226
267208806
734259675
505773205
841008699
762787011
24199212
32043208
304532387
968522440
260468182
9439606
316346258
456394491
86557572
749638520
308613236
8907128
146823803
721224535
178435704
533111070
530959711
90003440
602083513
98583192
794175196
493701618
161291073
372291113
981443895
338522143
231235836
443537370
733142873
738504059
993268157
149127037
36875385
882802912
941502125
864816686
922579264
486026363
55871664
508940888
663134871
804162173
727565126
76062475
881110107
132163710
652879382
145752972
519241747
684153848
999410737
650266330
945749665
636753258
29762816
605737890
102522845
672891312
983147200
859856648
830456851
259622035
956765237
526648667
984719594
805348534
682544184
277372561
549138675
46403081
436678648
720549019
450700880
427482855
879459174
866133267
3894009
308027823
828647417
818141854
55523550
740601301
393859855
434653681
124889241
837743135
380307677
51506674
933544293
949309173
150319480
921595979
860448114
105333003
396496967
561985341
888665243
78553365
811003007
159577516
310523249
989813341
164051908
376013403
84395318
148416001
110679885
978961116
961696251
684928163
951741416
448803740
28798630
908165000
871308394
469781128
738725739
469511745
64846503
774514487
623648470
570761557
352201013
432740563
543628629
583817086
345992995
438179764
193466680
801874593
197226593
480264202
145182167
267966604
239034866
289203224
81312223
142295505
901276322
368363757
190961219
899809989
369694359
787870632
564558087
307426892
509547635
950493876
811086404
274485255
69073870
296009438
82043439
636719787
356651291
200212406
589147850
429805006
807856124
642838873
953761040
631595133
744737167
131050532
333835779
971908803
478549776
431396698
704980739
730106836
709736509
406540612
547918787
902873390
133004823
419375516
170459562
548050547
841050807
897410324
547142312
217556982
776356812
214009019
496286676
281008161
644462113
871436312
139233975
560051289
550118968
177501387
191944681
337942373
4239527
343141266
60211062
600699116
123609368
645619604
660774803
247703193
310523520
978700980
563018990
544245880
438507398
613280900
934218869
973662637
276184736
322594344
823446972
881398889
447998281
409712261
57745729
999475519
792389190
797528816
204201282
534171296
68574412
227312534
7064547
971718062
241204491
337250945
326807629
90561062
678532431
849325759
280818629
449619665
735879714
422183457
397176657
57728686
196140870
262641665
802874215
216451675
554446401
955989773
381536790
509237314
85645376
578912038
419942955
302456497
591786510
290892666
672414514
354077998
4818148
706644781
902826433
222372489
296093845
22737746
437010161
730552573
951762210
372568699
78966922
100749053
816320135
127777952
384761376
355573367
749425110
587126917
986709367
843507954
224340697
11915010
544022701
313798408
198775532
406299664
842775286
442202505
719122208
659427436
652684625
522836242
928740234
979017815
235147518
116519616
926620298
17071352
831434086
52156776
222566649
532160450
510921371
646862254
548557283
845334583
600528906
49042060
990727539
919093771
683287990
687607557
675498160
999540762
422941464
92430499
861660312
230181185
290070564
818276168
928023413
26468412
340084720
518819970
185435705
126695170
116423136
836894148
54175741
451615601
38715631
20134695
156856935
106359056
506873105
89444802
161453191
558737628
12178114
992064163
857296081
996554775
558938370
857721011
662784649
834205614
406007383
622415190
811065843
995041284
839155285
331831712
472616011
177007750
957273850
103953431
994402305
73829170
2054777
979244551
647632524
419139800
263155018
570699211
445047615
212030769
591213467
421021697
193590
577332594
607821511
379098700
653434308
882291049
287445440
342272384
494642646
646355200
912193470
918976011
315809889
530207899
912061820
984853500
980887796
689031499
492634802
933214717
889100388
231280817
149285806
467173223
636693933
20706182
142923767
146199667
295334948
314481804
704072994
158411464
26052909
196460008
215511808
291609945
303379787
513824277
286815672
79274960
848424148
779028313
525114916
24959879
632181672
86629510
766270186
688874940
205878220
647825701
230487373
537005639
723429609
995858689
399210941
47181202
304938215
402365300
539081294
606013100
344937726
361152731
98881386
139373768
627727703
56822762
75308353
454413191
318964090
542391200
438846822
920698084
153831735
556718690
42012243
229278309
126993153
684301060
414135032
336123660
568644443
211980135
784733548
965145139
137342991
706852752
878964791
838375264
563588657
15042769
690094379
739110487
622285390
731278115
928690434
166642762
608589011
894083061
421580482
530695556
93966249
520055501
240222848
758629003
449167505
298169452
163289224
792752941
862834778
577832742
82040322
393869614
193131675
416417309
354419017
969242620
678148151
357389194
682457503
785484891
159298408
982877512
816654482
772799014
287519630
89366144
184032488
769018545
23579096
359468706
134712584
783010333
25149510
814416994
828965136
344017332
405700460
410265288
4087925
391980190
815544120
669639825
604442483
966783201
353100541
640631507
428380752
716856883
659939986
68496952
375771088
336493756
65682047
337207075
182623590
920925428
69009163
598076437
724783066
606082219
967826769
250744937
77036856
779776352
666698548
296255612
56235430
976671157
810287801
680259889
291788008
648963989
729835852
897113202
189773879
333233660
409855184
277246394
244525602
794239760
91545331
847999518
739056839
302467451
707681813
247098361
361484957
765780919
989590367
92935195
863096539
525752694
526384042
775040760
555040836
642612550
166911541
186859282
380196084
260332792
153675150
908496171
9188703
909822327
868043675
558318347
419542759
891180375
578000042
674403328
383872647
845598871
390014571
701095059
268633740
689891143
540715006
381920995
762277715
708496779
360883563
986736833
805914164
482936304
230382680
770769342
416631896
694968715
820957863
106431588
222602054
138129411
272033018
425833274
686586346
177549445
194478335
643347419
467328401
138037938
374603742
671864866
451687249
208133487
128103815
71965357
136824499
92341690
845661851
335722721
593085303
509360839
602570334
365558139
300783652
979482083
836118639
308340948
783564329
40700428
28047495
634342624
476721690
642294706
948580744
267896779
808842336
208358041
585553267
626816059
303766942
736744575
425445611
317802442
692803880
212601831
228174992
392613147
77550259
710210853
139413233
368067666
952312828
570467616
628108529
831359353
936397814
581130290
611975221
183302147
335352983
756810572
321341407
643944200
47360818
513007778
349131500
715902447
405692200
336666309
389893572
737689177
442255866
356578786
499951246
792026758
47970907
839106641
649922913
327590588
797840296
170576762
272164720
80056956
185812297
570797584
885704945
704070156
533842575
567365577
748191082
639231508
335141166
23100648
764244168
396720114
349327640
527185107
937403481
863657591
764052308
138243485
345336183
711928337
122908219
779599069
113712538
178207612
626352856
260693046
446592086
219860100
717844938
37994983
446806426
689583155
113189366
473272016
996608769
14579424
916394579
623976116
622213255
521823592
727556778
266367913
838708541
597117457
447784748
226562060
458546440
561670616
41234001
675392818
759465151
228191870
509146962
314820017
459382005
542541961
316068055
116534031
570299276
202808502
396131539
319528864
486932194
868466998
888199334
809280534
268122545
870118213
610639967
399961872
103246085
432982404
471824232
280663187
269630160
126854813
629216652
204126818
368054322
833215887
235649900
606944739
546894470
772985924
963138422
46852858
688209922
645118145
873276505
796019712
696916448
704349306
708170988
337896701
593151947
424198624
348727383
699158322
735344131
817079187
908895868
741581612
211752584
395583985
651491339
831036736
437710620
174194317
111055489
235808957
765598603
906176216
303031596
798870691
789870931
3537538
984660619
242049207
316493549
220146860
303259521
827206376
566868824
224870199
104816218
184419434
577633801
289069692
462665327
667916462
276321063
737070551
815198271
869676257
948987660
662931895
140632912
262081812
361525970
644367572
1230317
22479023
565243474
595755581
906823789
453046500
368803001
547952521
44225826
546915568
174662074
282906713
562683345
212647878
147649492
771064801
482787540
892358960
220742360
701675664
509712321
453416126
107987111
89113051
164098823
89917012
875632145
904478007
294379194
829984744
898721341
120478109
440910428
818817406
633731172
470663787
255636812
793800809
793743532
982580121
896249102
22142343
687105613
104838987
174510408
383476536
855871083
38265842
116669549
153750469
626968891
982518318
285053958
794423625
852580131
447783256
528873520
782887193
555346840
750109798
72430520
301612283
425382994
451587994
202270708
650303352
863804784
853327240
225867889
265293098
782459843
951379932
613310613
576634469
978664791
289928680
516620987
219089598
45664699
741444231
810081232
480180409
143547081
278014469
181154521
174594964
801504901
822655468
330856553
397167675
339402501
288890458
120161922
519743274
452545950
225588406
817029426
943063732
206336714
223096995
242658342
822257928
427414174
656982149
451778462
773033417
739974003
381795100
517742134
758131139
7588595
780912018
364714550
210945287
191800115
505701956
398442960
142905804
911611307
607905639
882184293
47827346
297367149
653946867
772919405
750454923
868618043
969454938
576423755
76706471
511741917
545737141
596342799
685364645
773434199
621685456
29467888
124736344
352092539
286680932
919033829
74894097
338601639
217421646
393983624
81622914
118857491
938986764
143549578
605330867
144033014
886686853
392977717
283112999
135660727
870462960
293450373
878423191
312944444
730113749
137749236
570004511
972755772
296079189
765065556
124112997
961992414
157148304
632253421
881380848
73504112
965654014
67410652
464117124
33745729
571025522
272743456
569118550
926646889
376521628
952998917
694689422
412390302
388940955
696567318
488240330
177717364
628851183
220309181
835269260
109154519
366114706
789532468
963086611
133119587
601410771
97968703
665556465
31316516
212964130
367057239
483495579
827725309
411603723
629310087
154242848
606544766
528353144
465605928
727735803
57985175
676086482
542834740
926692510
473693589
462907554
699030302
223087379
614789702
35556474
858441130
929325670
690218609
413370551
389257048
66062385
360136399
685683930
685254576
630608647
269364672
446305939
303776354
782994769
298891840
630989936
641094449
425850384
771593141
142982509
135359627
6806600
531244324
559440506
151734398
491777999
638952998
295917977
656679754
281742832
870090815
260910752
438453342
535762357
53204412
166148285
699930344
657940323
876064923
559049555
74968959
893113819
677311147
427999963
827064641
598615158
320190335
66823984
232432702
390321393
452922890
690728512
750460534
281557903
313976990
398582089
890387244
591060148
456033961
704480675
20176118
297284607
634453672
375074913
327122333
125968589
774201734
606594800
424725726
153153546
503074436
277815485
228364104
761588157
195558376
222069709
434043591
590125085
886284151
767236393
669661642
882776923
518515876
633768223
870490892
346463987
802667197
154078081
278049591
656850646
678726674
817416441
546461721
723181178
548044975
515666493
897343096
39388380
753554409
60448183
868825695
376801285
63593607
642983013
806262584
636642509
586996888
30377905
620265961
723854109
76652632
853932324
27025258
759874312
901422309
549291323
637374673
370624100
519951024
973068897
433930788
514030290
828355393
820002035
822517649
87155200
649364034
97262795
245087141
314410921
