883691302
310727563
326743136
571841644
277093462
419943135
695233892
201115026
8507735
1064665
89370720
498719202
927989774
426259060
613389751
832473060
524485098
282276238
384545255
314890111
607391262
865524444
257777909
666101829
267851721
334489308
640688072
548537023
124790678
309541109
398940105
986256212
625770168
585615799
976855948
882363579
617536782
778841763
794209445
56165138
613184792
111789624
535681234
816299221
767953707
435577850
415863376
375721672
688957158
671087987
932306038
9133957
561609497
52135362
582670200
19013179
376671307
869712471
701260972
503837237
804444970
820764119
940446622
986306145
881304859
332588313
891981024
16339241
958078878
155606454
894739135
271187417
671705672
673314413
288434427
807047352
166218040
108659376
815192530
412966900
97425226
739742708
767732270
479119694
389580893
579474038
176693468
385796745
247366577
889165090
875612304
547597037
436179265
280502636
565247825
221692932
501667218
470408259
883252288
527817336
712959437
2266518
678665363
165396953
892149359
590856071
484523856
845871677
732848920
437994363
747929795
785486
84311119
107393320
353415371
328908392
723121552
812946988
96870637
590744047
198811202
297650162
648229870
298536996
537560331
848718278
459428332
336489433
123507607
396423702
646270249
946690678
917784001
99802811
945041294
529556529
129676796
154769310
253717246
235117443
890047943
448934389
869969618
624159312
423313554
887332962
307202259
676725796
485233431
387659533
18287747
870805098
162408750
922520411
776220555
59268957
815244545
107231982
665449929
277125300
327609924
955649182
189869488
922987980
635585813
570761768
208846134
456444010
351609254
715903599
594848788
628600764
816670740
390981241
429946393
124992231
53053655
199297729
611208715
806162145
35037982
350820082
41635578
996320371
970606087
35707092
747553776
700459146
450939971
431185151
122146415
991278654
895110242
466218766
43968710
76780147
869182137
566904690
246132411
752020418
277364113
760305369
858611854
120615786
961416507
150257680
422280783
851398963
969860485
211526584
66730443
980732889
345351969
713939779
200583257
541572885
49234141
930173606
476681725
289384069
60850287
81997305
422878911
995860323
237284401
306866447
503808801
745179242
899078432
903380172
490958124
665086829
942982658
16077671
926125681
472785236
888911488
490231165
876185863
107458291
263638751
700648321
529500277
786181773
367954001
407693310
734507906
333486897
413138416
317427422
801412304
781016370
938208863
349660236
837634111
742150168
343635892
921346902
373481757
849330734
150890309
540456282
757780682
730635319
577574487
468203805
512333512
89626988
773677014
554272120
429448967
287230089
603898345
15266282
356028057
62825284
308214357
981176734
434784168
345665647
864258716
30101883
749010511
77369564
697687056
399061582
632588920
328772971
575598424
63651238
59111451
915379515
545996563
21015426
807331198
107751885
876168463
814771149
816909373
194222435
633459996
67553430
571794171
52795956
551878358
510104394
52015083
300090967
229028801
1709255
516876801
764999475
353052666
424475667
423665252
311343012
639586107
38164622
226040412
376559413
959831766
380436565
318110761
352285428
723532357
832843317
595287471
99547463
719119822
286556116
280080429
235706965
123028470
733236353
709807730
897073445
972107792
956745004
492991214
77907749
801171329
585917821
693052131
871752400
305427380
82436988
441463706
276463768
113477686
694655491
592053169
571284859
140935691
380165604
238705308
474950342
610596641
774568288
286358548
50475175
691180090
200195357
160860469
320894123
186822570
894596724
92752286
420604543
52370761
875984667
345976057
287293244
406030296
832578271
118983524
66831092
222779458
412766134
773234617
813669472
305080879
428190729
715195934
587401547
787723595
827637254
35657040
346831957
897811480
948322917
222194564
608564870
445950375
311870757
500828568
15340669
31276113
650221604
272083861
731389869
588139797
432744412
442173796
74305749
239230225
794331515
13463479
629010542
846806502
743756645
244873746
424794882
693244829
240109421
548234631
279172091
470279864
898928757
506322457
221655148
201817495
276138235
62394760
596472669
953983874
812384601
991061294
686893762
432640757
358023508
166270128
887669083
217723920
823469824
98569442
397977806
776955024
820136695
100621301
704344563
985830179
24171306
763939721
690367014
737038601
644854123
443330395
769382165
601824831
324539485
469787823
441004842
606672646
162181697
198054774
825528159
767651520
73526911
63688393
405041297
599306329
487255319
743235595
551753568
81815709
972637315
522778401
318037326
12553315
902341889
355285324
149374537
624395132
854404214
779350101
621754885
551604304
354200938
8406544
407194721
384180221
852589055
275031805
293146584
274980377
677334695
647457570
575245849
310559078
493954702
493843705
396934126
800906449
775687895
293075065
912834329
324876135
351613729
349105932
943054519
724490487
213845735
304461242
567462288
744720296
494936848
833237945
718059059
589057506
201552307
737167197
866387878
237040166
16803757
311968985
837876370
838327669
955227822
504353840
642784152
249580684
234374641
566418638
606152996
509664757
37473784
978305669
356025589
636966859
356777313
520593580
397762039
76043869
361222906
330987717
388206658
498073474
379138467
1623326
864842809
206793481
710108801
205420707
348884326
417661192
391016646
208949294
726595602
357545827
31900989
88473704
76640474
744481340
786591130
883993232
847637519
706037754
16799157
285103380
514327784
878421269
655411071
868769211
861981131
439829187
879131313
639628907
38270528
481203436
233029236
774237652
141972457
502624914
229390385
327800080
46070753
757286628
376452019
720282216
270320512
741030090
633728913
738174115
140869742
924346406
319882581
577319889
584537586
170835271
434117048
984381990
721662016
443010185
740753329
51564332
979263121
204433975
905136036
786996398
584868638
221372702
282558175
59122412
879508188
280959835
617477542
257799828
83147471
984001529
514227248
886799826
14202908
943552988
420017439
695378798
988112125
647129530
462167532
61331053
293310311
972537174
199122588
561532550
359692635
975748605
405056993
930454944
537507311
640802281
944143884
867360390
798454259
123617847
69664332
138414602
696953151
389660121
126592520
306536717
466082649
92213316
743160526
122125909
152375201
326768771
866118330
42577422
541249772
263958254
742376752
476846834
296596539
175681290
731393334
818794212
748931861
852600146
425107882
989473105
541032094
839684089
638940130
22380779
89908073
252209652
842095416
848766584
78543894
992512783
127009696
903284064
345949986
38581653
604827559
853185659
889257904
528660447
737665707
172390578
690904001
228892320
539462851
82345618
778881944
469693016
553855761
232339160
770108782
588420391
182651099
903864377
654329514
944208997
830415899
532849699
164202858
912243875
460072147
311478208
703684822
939794990
510940970
712309922
410169953
40977358
307962946
805925083
553681621
211228557
798205318
73936283
657613427
543957175
880712900
648265283
199015275
725969557
51596094
835873575
226297848
858068974
756957420
89496108
161022661
825590156
639904816
312475591
342622874
249032670
356104231
212801472
690117386
981070647
552479547
978167934
726907109
362272946
830502854
718407451
110542350
690341046
605127988
538139585
143677605
12165847
139038718
816282930
446631732
840903674
368655036
198183574
126417915
161757506
578630253
889483313
615028949
985679692
195735417
71216815
101579215
471458401
992051136
935045437
874078260
651591211
997387106
721120327
200310571
295798971
971089540
988030709
621775165
121805255
392564732
247836526
589564109
662933506
923820452
278551035
327314920
795754318
676455376
985053824
150743125
73039682
937020317
645918789
397868581
795687629
777089441
390386381
886937087
266846669
900831207
774526369
34510781
499639489
283991982
44017171
305125359
529711794
883242071
584132569
542773773
847638687
163909413
553701327
409887356
600497870
273269963
883274052
888211832
742870332
918061258
238246404
907843220
770995349
586621924
331409023
272780752
442092468
145583826
97990158
730800217
567531623
499558743
151796926
927588897
394052104
242549370
21998867
531593841
385864735
256119978
287057162
323378628
23137544
531796320
866613554
780718789
473878252
35459058
926242271
441062196
968320767
731909950
94358725
585874325
789178770
813422870
808725303
592537237
500003202
577317045
506399999
583958222
78444886
728516154
967436733
181238161
654471939
111667647
387266744
528959218
803146173
773072803
831387059
627261945
65628213
20717405
701488146
817083575
909735883
142070647
617780174
28648284
324827443
100226507
678168549
976553358
310153151
791663471
540336304
881582790
437007768
70100239
241254115
323868939
209007125
223869253
479557717
31960953
787660613
31440178
598391461
859679720
228360245
517101127
521839835
549118085
287529362
245851986
275260851
454972758
347528812
679205041
976049034
901026828
789016663
79404327
591604400
187538852
845598315
60735586
493211925
443948374
326365721
815564508
234087191
307219291
717125249
737749230
227772944
100177164
449266903
249791981
644385191
393842566
159290076
929958517
194605815
914619441
396251986
609534633
762142522
626818609
433702299
537818707
480137778
478407325
344310134
793828936
379732076
217679705
213667794
393131602
661292432
4035075
238278617
587575533
500937440
766025152
372329176
803121128
756355440
418244626
852709640
327982849
964308448
81693565
831182454
27576126
112464725
20075078
285826806
860425573
468316433
166401277
371637828
773520009
274298323
164030245
222674147
766612349
460939346
899254924
183078277
946952293
433810341
522901619
41110975
318457301
911421487
48171680
116721393
766283314
491469023
864611004
231509162
611279154
776692936
431636077
301841289
180727444
328917688
512592670
333118485
366549963
29695161
708098000
641405457
280317911
469838097
387957799
257912886
717553868
305045926
474989668
469534334
794882466
408446588
425097845
462566397
408725554
579924720
531094684
152698432
300308632
619928273
545336099
22483663
193780236
802667033
122248827
466380295
826209837
276877361
889690162
736527632
226058892
487454712
883931198
16119547
62077444
159606857
586195140
594949288
191465889
903646012
271646974
7274954
758499168
161408114
269118383
566645220
869290645
894070579
406760729
120119480
842355089
197925223
726797682
268286484
792583457
156378440
275643136
384192296
948476322
936279903
316416896
764830641
560102101
548641785
534715385
358335976
954233240
684546240
427708567
840073997
966846458
269703343
424381915
602093685
272331794
55487386
804976228
842706558
211669903
818761510
353891353
925873324
175733714
283146793
745569905
762230810
767688945
603656471
280653162
290201571
254899926
847619585
807693270
168145566
876079717
292284419
147591769
888611323
137653911
62931123
81362188
537883044
150238484
294730715
83985453
468515946
591896860
386582010
473432218
642670817
852912327
160595089
706613028
896686805
566444978
77631398
209439218
495222019
545676691
50504540
344883175
921894355
23097621
569416679
393631892
872327498
391944758
448927125
6017561
194497364
740493380
594167262
507422472
29111527
615589909
614186406
514386591
449989366
25298858
181587365
780027530
844921487
259344364
514329939
262398762
205062653
714619505
797714102
236765040
436377410
521077421
253979824
731915357
243226855
924906064
499080982
52478685
157932979
679655129
360770472
659083206
276403034
761009486
374584001
696490238
514591184
876099314
739204060
8919081
917302052
747645769
828678356
464861229
763046849
512075763
279943960
856714115
227787158
546448244
292760233
898580714
787425072
150022439
796962902
387467594
932265270
804021716
408442038
116839153
230893483
772988708
412602591
777467343
420649164
296459455
768952682
934446820
276623056
273515063
778164736
439832492
217760194
997420586
221942242
152555075
679131359
479240737
512708379
168803482
87769854
968367130
908782550
225956847
202964472
847759594
871963599
826834311
350481820
295587219
142217488
262036194
803409949
203078260
665787610
217742029
546458934
533756721
203855088
440550705
363592591
985720535
796883093
660913927
133866287
612701775
145216322
91528787
545342774
700877560
652489373
921271075
776366966
910214369
624564784
338175332
931869225
874512797
249465686
666497820
570312312
671332809
595810306
966326427
44051964
87696466
708016887
193299352
710263768
845098946
441658541
302137859
227715565
298756306
441596031
952175709
671874612
188866642
577220812
329543288
963894697
811077761
38645931
717863607
548274511
887236896
670749466
488491413
953229375
31198478
686769695
622667955
296803591
330418593
885658444
878965148
319818459
688719649
3080776
639229379
534319489
961365512
317288231
950345716
934019552
690755494
492214036
888876938
454776159
257202809
871742449
355254451
137880570
148358527
121099049
752916906
527045216
419823078
204479531
238827275
925604355
391300185
271780721
199198057
811736122
738678849
301605667
815120679
357919918
704517758
355953273
591999896
187371569
714177440
873650776
776655748
958301800
102234473
220334068
387714187
813298184
512118188
58431966
632017625
360925298
596882792
700532902
519947040
479644307
16521874
372970212
985497795
273072354
67251760
337711036
833058494
221342786
877999666
871128344
76282147
411686916
470342901
873963063
450274595
808331327
917488014
911101032
717403309
727478826
425209369
126162917
582147997
45900016
599561553
950461254
53640560
417251694
376958475
635887883
174691011
434265573
587393300
38763129
700419569
311682916
511717595
45206254
102540195
534062362
180892817
664747188
533704314
603954540
238714560
591801188
625530327
92798860
866948467
435366115
271208
821410943
803715177
760761176
75234627
921074707
104252627
204302259
452292903
905367612
895239257
763301836
442305591
869331357
165989383
761281039
267000061
372298800
676032835
616765846
137434840
649877773
874117477
7557318
155557682
305369666
649348359
901621924
202233006
540735291
647611261
898951690
44770400
122311768
124361968
295452024
188747464
394569139
77930440
885940327
1545593
132331459
466407949
894850054
715465131
969647389
16095651
692488712
630872857
937519603
579458885
677927668
296612249
570380715
54495817
995957592
430892588
460715408
539124973
921511538
97867739
37485380
228283195
649809137
585093264
16045660
366916119
12836038
865713506
525534537
881653714
532361479
393173593
138329225
543756970
174287860
187125012
368353565
659329719
496091140
495989782
787305215
97952358
999264166
102284852
507882902
116351322
179941953
931202337
707711194
613945829
135825823
692859900
567402278
462453380
174806670
332405844
541153977
943661980
602854917
884703654
20182915
232825315
909855037
831954174
800528873
73540719
700822954
972974219
84145230
209350058
923717223
781754279
764424131
488492619
32498391
227235316
51949371
909725590
587632372
674326912
957033452
475939913
349283653
129477537
356164274
606785480
684127754
656896194
173844407
459276321
43556185
592153002
384470303
324847527
238786107
536001936
238296133
915394554
886481734
330580918
391772619
716384500
847397212
965055468
109772609
727288310
353564766
16281802
750608361
420171205
90078379
220394666
515824432
414376068
472712064
721778219
904994576
657763091
301560757
148692920
292891266
590161931
187004596
72544555
868009523
31178758
316257592
88001066
121207782
77984202
729542675
44821040
880007912
827616785
458960611
454900927
18707597
954230560
274781633
982013315
127845155
541260344
479229583
903707810
412632941
419143436
971051969
619709276
51277644
150909692
577689913
364099739
541637686
969170962
650922238
655241936
525582715
169306870
74568115
723065812
67241107
670148549
990768181
480189037
236990826
89485417
491017857
418636255
671781946
144615557
438997242
379144332
722471556
967620737
879864733
149194041
11419071
29610648
30662875
528862280
383167818
72651067
160392216
109536416
863168623
344399267
750015201
135489261
902844671
636351764
540865020
398074151
261687114
28000585
404829363
382884035
711714783
902934451
165480594
881034862
779894913
407632267
30743274
940207516
38979910
656831295
769053023
708006508
488724875
643998557
439374999
865035571
621522903
627473745
745134253
340874147
359376264
304889598
402108676
468463947
454908813
537485595
47666607
842553248
523364239
259466372
314028339
218606865
71043712
713843399
631473854
411360856
22700661
825243749
273925399
945500005
239912499
916767283
166141011
956244354
855370841
348021218
413090021
32367632
48721357
13970111
527572262
413361526
962529323
158819581
690157029
458062331
767425758
649811599
501996029
917042081
403347645
116715627
642772694
903623531
55778127
208510869
94126105
973886580
185931055
975098873
79134159
175347834
990576593
833794323
519592707
296827873
418815384
156112748
144468024
946248711
91775247
110920333
879043943
972454922
298636720
81418210
628149476
134376532
223179132
712044589
925818784
137020342
818546414
840924887
211845591
521768734
215279954
511089637
56134928
46027505
174142172
978105515
126134392
206556241
817267042
939181915
928120204
136238554
559252467
402268978
888853307
29203551
170622866
553059293
198132628
618827857
896593229
618115111
809938980
133274225
194952226
473180503
827730581
495614214
910459754
665852335
219248916
980812601
756439956
993254306
111800009
750779613
179760023
828785371
523144172
395626288
216246291
70365214
706093272
863382622
618745570
721079941
814380313
609860466
536252892
254749368
456079058
15758838
566053236
467395348
78899960
183847447
871706430
615875659
571864338
542227347
184372318
997008011
670029016
55005695
271875311
639783719
891758550
562848040
873732212
91278321
12395086
670650266
626512144
112377681
965779270
492205078
337556745
326389837
169085786
484365153
903760152
885297589
102529437
35739266
120747013
120955401
416841068
373034605
476106940
381712791
833698747
789056596
987274426
552509303
901014823
716689751
508738507
911144212
476825100
265210374
926400264
778149229
460340245
907278896
554050534
291857644
542290363
377147198
485770902
500205080
701921414
789170453
202312486
728423847
90635486
821856584
256779590
772789263
652104498
134884500
133002377
564893964
832861614
457725662
839298037
403092646
221829358
517617663
371382624
473030961
100410390
498142987
880424562
769053512
729657652
917103072
113934041
540413625
169295059
849171404
354226468
440303143
148943776
275644544
434241226
521379173
835386285
490484538
181909860
177548524
797756475
820725386
405080601
789940604
491431899
846371282
748796354
942345162
604232331
215012233
943991127
923564754
425738633
119428708
438985785
280347329
530150393
77571620
954759883
403638471
888845890
322101824
199807383
721157160
532795177
545518482
413894199
647134482
863512419
805280165
98927479
156294782
942702225
51509022
328931044
306839517
34678421
591359153
343659393
381911939
729303787
807103962
409766599
785115491
544454192
954936347
915299198
894968252
930684814
809933141
600801513
397477402
549914741
824598076
91904601
749236722
547288621
653523759
328097211
19318088
872886627
653775664
567245180
7580593
577919779
643528951
412596069
26663012
913697478
979242211
655288892
482313947
334022507
51223225
474961535
893947936
878686974
808228070
885535808
82862098
436220780
225369276
328898507
181286410
230765435
512660585
815475632
281796562
201699998
861825967
559569250
733280645
85671061
99123056
914037653
62595836
549917359
918506491
195850653
707523521
100552760
632867107
128708252
376451939
428646540
631851887
471097883
410183801
725207862
210826803
30427948
388546875
676446401
126370585
959819539
525115734
9744307
358994359
701127149
576666173
848748410
443857307
755866510
87287616
155636392
860191307
695414262
667585628
768997569
915606654
