123112169896046
28490935527234
324038558599538
351231045281184
61355798782422
348617473939654
38927016729878
66375175491692
51181601240452
453826731688344
307502314228342
357834614024090
356450341010398
530327993762038
68741493438
209167698528192
390487912137064
2170038170252
303060063273212
238609503530622
42152375726
24976096398974
548706366124910
305168992858860
1305525914198
109183413770820
462920750703316
79954166713152
7336473510878
2047330605926
444217906948604
161451419113710
32942710974626
546667753498860
135226322123198
386753323815010
464540359263664
250930406809656
544759396840354
583840666561178
2253209334700
600910686862076
70748612105838
316136653306234
6544381123902
22200362587348
42938791011710
613949832217464
329109773388960
232050206393014
80175595561676
45123598211318
106407648029896
435483829850202
485531200542368
92679780728332
136045147942332
413936996894184
366737976685168
191873124278860
220688952613074
14965256070768
13229176483946
6383382601858
303022733311614
282767785959210
35655664528174
603830366992494
265581656599658
220316347067678
303160532276
223028390340558
216003265672216
27207824165626
10997046539246
156045142236968
214285286144
11840914326288
15283077097116
321003528519408
4769986772904
452366762068834
388121252203690
44041506058
28220178370018
64901985537386
236280160898
515969002308578
190583640893972
65124413616112
309804143158162
163589251772600
201670763501794
117418476082320
197446068075334
334658894190406
12961392405504
131902460073578
88722745845154
141680336457046
1213533031750
67090044750920
481561558655820
364402438063322
113868680635732
287381521832106
350738072677978
27847414889172
492731441565978
27972577987394
253397971342784
5994588249092
464959251188012
609156147604824
276507279013540
565615772060474
58711001357172
418286360996432
10952527428
178723276083724
379456424729286
496039946200200
1669647850864
8874337217486
337407946943648
469371622106206
128256314390752
100692665845240
97054017077038
21849546717672
399702807367294
23432517426566
4046979237578
252972667306766
479035249211594
7141775993622
52456617198134
351807962144178
429858366867282
325058033178788
118678077923690
26682685999308
69224615346386
8549095981876
179197716664484
380380571286168
33174330044614
554181769304178
968425897318
17703556541912
523080452727316
4273822255300
527474354147246
330833046169812
199158163619228
179506675576942
78742224915640
493807653465320
80058615159976
226178777622238
430025838920048
5761451231264
415432539411164
627298809984734
383697128052396
156158030520292
213857207046440
215961023659936
519180169513904
365078034691302
54402525591278
1909501930100
309158344408290
15947370690644
307328419626714
46532033254010
624059508811248
57786510574854
70170731495822
22250005457744
48707662028920
44849315794436
60683542884638
204471374820132
15393741142942
327405232757114
5656692088942
421927589900418
187282606013612
212647202102074
117106886108804
92184455788744
239233752232074
460696639369446
5277770757760
14392676561964
82214785181874
246506890019430
219727990367688
55152420317510
70412670167884
11405693211220
513549020388162
283776334484668
139064445606798
203935838808174
222921164991272
221504414821618
4347850388172
410590332421068
215830397533402
24456087114232
532676099132382
396190912474252
409981628714316
476929467285888
438816923019756
253123887675458
800039905402
489938606812
603719302921904
234112097985790
47712612015404
262125602753330
1309165805680
21414792534
393191171022160
185568059393370
67656165628850
576920520149226
53118046505314
10210266256892
161713211398
76079055217796
87496753181654
693969008700
222600711996750
121499529365200
73355362892940
351408909519006
411420490860864
104273454684162
33859673790076
724403153294
180610780817354
96373087766648
375109194331918
240704393350476
42083703426626
4004200856652
565093348442988
135458057024256
591776338060
305282821890202
102048581456200
4200043600454
259422509503370
13313483645616
384177463844388
420977135068970
13346758896004
124065141481468
871510835426
112123780908130
417932193717936
21289429466078
241567290271354
88042756516
17968628285464
362869368687564
201365082630934
352895049307920
301747782480622
242335252244628
526735281353510
74155499996792
210005211295226
248943137006636
213963582945246
274641873436928
406131952481434
308615299319826
94668016240756
208147663833956
11939111259198
123340715468956
58690378309694
213764834073830
121084953208446
210336489418452
243349581185662
97114240532016
181863745130
444189826004836
297658467140720
590264308845272
4253913627938
140833283117116
221670145876850
631496567796854
35678579937704
97857610107236
107403639628150
4801379368106
390394650699432
389350657528356
71162928380462
11880500429184
242966379848212
18387570911460
9042727224688
160870945679512
155331316199612
82296569961150
37512632364056
377443208549114
12542211940
265476616147780
35422308272390
149058694222718
452521148471168
406648133067866
198419067929434
130468781055000
299108705958358
8998861903096
45278521558516
19155787653938
102956477934
377777417927830
91908794960650
10034242858
200125396883678
237508496491804
384831772309756
12276200024606
44047667114080
52348702762138
549513465485938
37776185318030
224977134471884
311564359531830
595509445772500
501459045526344
73500541753184
626006344805044
3399231210612
16177337856342
198081064746560
36188671475408
150789661467826
555984437368864
18465707384814
5669173215244
365626867354760
344785248920662
88039494758730
15447388440166
28237620970112
105345405559372
142086400913200
246736462175814
34683776034626
105611423328728
141369453189920
512643149013730
43047971952570
200351455699596
430147786119130
6059497802586
237292353318268
122580132817598
98048387100474
620550415336330
86636582905594
524925131156224
15343056807528
370346186660128
364003013953854
99986186392310
165558564733840
5373414419910
85792031827550
255917715529138
42072686979122
93273596350598
478913605456310
178055418562776
492163045667012
7812712044926
209168495090594
48392135795948
274935473820316
377155411620114
196705803234534
386492877886236
128692883777544
340147560244884
356886718841300
23062394119912
40269353654286
431955622557394
98959177749254
241464259162310
4823397739766
188403909381938
216425016332
519516902111386
9359351127926
238567147481316
14596582327530
4234035552704
1983402681242
488498753048652
130746694294314
319226688868496
345804082195836
117260554714816
249477421113346
880175817880
127376944976036
65641073232652
156492859970
8347901570238
233966434857000
80912076550618
286189130803804
110565531948336
294411118016040
87146591061442
233986939114048
81110253465328
28760026099720
497150886742646
244210761818198
7867727048700
298198664860
350209865177368
184055153243884
278647914098720
4946729587692
91210690202476
159874002819944
501045341495754
150151104419492
283536333740598
238951939062
37875810533806
235356218822130
303437376988372
266142150569046
222221756826830
366548887692344
27043110910926
46760344173438
72139914024290
377969362524
2416187680192
188799900876168
314117207468806
2978210349870
455054142011192
426074140919382
29924538657092
192339093232136
510877568451286
334729517439642
526580078021578
113760672280126
517830853948060
130573661588456
114438894230400
103417157390
168844647412226
110968288673038
433888590802480
376169566328056
29123621346104
7142530085796
227016332608858
35154383757328
108995643921288
344413364612252
331045397554174
13052860938482
2594822384426
2394365379274
29346213374076
34753575804798
1838461116
50121669780440
198523682601186
14006543100460
388833889305904
489852713859490
7439092912664
1729010060544
209334850762
144780554971268
332844475004360
286088794240652
68178315579004
127122165747854
411289311514830
463765946531622
6238272141848
303432745121096
261151981392912
31734540281902
126954550875002
313939865081808
120051432645098
116769518148446
13355215144214
11610269966116
36163524789816
112656064759962
79825681827878
258562011368238
134772649719188
13138876295914
288928265714400
306187626322390
109382096518410
1399666038
110111089656174
125373993067714
185684128083592
588886890818928
347018821767434
600109716974328
5475225021186
211164648493628
52266920286540
31612926751528
9315769986890
52300999650928
40086836597302
166215022378130
448535270080714
13861368552160
503463543547944
498703455762010
295790282577046
65655851315344
539739844121678
628402686708466
125636909028664
30567537684386
32433137902502
338548439748300
194098630986890
194212578328968
2709887818252
56534056699914
1340235082666
366726727502414
75265021423914
51795425728482
518005176298658
11292887244308
92546176134758
377265250100512
26983413814
281825770744760
488167301278304
617310780294680
11336309630972
64575369992778
249082496566172
34079321450050
15083046582212
295063028579320
245952711375554
26330639084856
621880774507724
52340342578748
102500606818862
163179787963928
431071490613100
128625081492408
6705472805798
621427726666176
11165288081320
5309778114486
73667371621196
30123086500622
514341425235528
516371134226
137047830242
244348508490298
66837255164512
250737659662496
1377167315460
400082034623264
16432159364582
441502410594338
616116677995984
257834396731142
6263544631690
600917171656504
211199798880116
46857734509488
616080560954910
3545676906
435490533466600
233176781862102
1255492308534
109113441326786
599400206006582
423491343515332
127324170748170
147298162851564
17790460919958
618412476132
44785771296008
13779694419128
251496680634352
531399127491890
21142522999014
546469651440796
153115378705044
250277769715422
286970348582180
119808534213164
93507424337590
256990332419246
487257821194
48731964947344
222326036880468
57831019246752
70274528695624
573880797459356
15547662736054
129611616772
259310806581742
142730038821988
35829964883678
208182064699002
54048511703158
216887581580
179006600275012
1144079710898
88881901927146
277014218347570
44576437921140
575092460755106
104263021513486
554624497295162
483128199865624
118168736909478
200114509866448
26500074089670
7503739721696
295342214690300
504248772311710
28811298256164
486269228508238
353280141520856
790075850358
349960612468214
84538311249824
12309876054368
100199122798596
260127455845374
115254845965768
110754918044128
495531271321254
90579006069184
187658203200314
161381585770572
72711255486304
328939794929342
611458143517094
139982420165196
370408257592882
303364123247948
108193019304726
8510001842614
148759606449658
2156338139098
340629726398294
466788048370530
95477033470246
125054799745054
34349395926720
144735124108868
433583635302128
376737542641972
221766870556592
178975168677458
483098163260668
5947828296396
524502311895040
3831607879322
231658758042636
191539167265788
255821638496918
9754774820716
94036786533020
113319820
6580597646322
2120470121970
147822209096024
293481835294854
605761471774040
369307015639872
317932819706360
3169779177582
493581242809070
12729088468208
196559784043622
412112118325904
400905542581188
390478204494200
445050545920954
444348539051268
550441183002332
105458315915614
213856145318062
346204302009750
587645263842094
531539110080702
420459923634692
57600066105160
573399282972
323354590620650
622050399967260
291239109133166
340403807496656
37522914441972
1327684677014
425207858900994
191403383915654
99890868114246
169074526496112
310671366372
582391344013382
135487852599988
48281273584012
507300760759426
306707267651988
303265195276062
2102446887064
490914913977938
583970162425968
36085018224730
239755733492396
427235020749348
86514817159166
21661863704924
323566982424628
340191108456206
441666769325184
8990952032716
43548672112826
189626002695940
8927305693334
543462560044274
38716550367890
286905635808704
268930668721096
467499200728732
474953647470742
613949402305452
819754315290
134541788934598
236077204580184
17112818656860
173369880708472
161530631322316
624123832713726
142480250668466
91412400513266
62358572384666
253954804937100
493310151384354
282635574624094
527257383863894
161662959984890
36877410860
144664318783326
5889454638052
27269654878010
121300704841058
216605340529240
297778956401210
523276012181586
432320517809216
25926635588876
477156523185062
77940436158088
71954772983150
226106150750186
57640448282836
112971579431744
90970560838974
212179133215622
228004366275160
532604384422170
148315268838534
57075936266112
291060774193524
129644583808418
418989910092650
383627590681560
9662576249246
206793847410066
98778164375270
126779094811702
184135359574390
180948421666322
271351439002956
85136249758914
447249009319716
166436662104004
515559037960292
133738306996256
134155434785388
378084976662020
259864233663668
595239853949056
383910945143034
423515239225870
1570298262878
75679479850198
1133516799290
57086835946758
217520364152360
2848094363456
88421016494092
106513515159398
69080458388788
426652871400428
55526556789828
550631767346060
38470220434700
11919109583532
80751236245190
8432388285448
301382774277228
437166193642654
489822346138988
39902598830644
3354624063506
59929923629150
309280555054880
611412112085568
13369618872146
25593680981838
524286798093568
620276240639780
48131551983352
96248796347080
32847529626622
12680835358
175573389622266
211891204986430
362127604013106
397041988340796
529621048714000
556979039042956
321214216626738
408025959251018
78894728145936
12206211250492
7722989370568
38451380898548
531644007984622
27750931038850
473061524024208
348555208173354
3330627046224
15827990096026
3198374805048
127489528997576
6825678136490
67165562384010
21142722209004
425775725129834
216066459765654
36681324846404
568460575101648
528266216790732
345223302927054
192876812576606
474836635218998
304353368181594
2878179952472
14974816466964
222968828132106
569121485117988
80456906220
628648064588724
144517251145786
596005547504604
181614047782494
519732340697210
81925301005600
291088774778604
400166227064336
299577084274350
32669383058002
280086939913126
49613474550808
306229769886328
2969641389034
240694357432292
8164830113502
211052911171690
13662039067654
1602181939042
261223221487098
436102655911372
199220116823396
472118829445682
1942944838074
93198603376542
614313356278294
306989534869828
196014905040706
145029665748008
380773779987862
47420397157354
84193456753098
12797004475718
102797460743984
29832682508652
5138674509980
23551973058136
367989361907422
142126044216
28756358256310
64786516087288
103298037451540
95321319865966
444872340079002
457241548298412
165343488055052
3563181874356
235150543161278
53710440177698
294398443896090
4780265507758
38166531834648
357299207642586
216592631261526
315274303584164
132391329855844
191846261114844
134291549555022
470338217644418
75597592052564
11194329359688
354590374899418
2848610943492
359737911013870
61037536978578
435661968008332
215456259982116
462662356581838
483300671816832
281981595284518
269677901529606
420650054246180
522365992702938
328959821782210
230431269936670
609422100644534
250737829465424
327472429889030
288610944872654
282467729191576
516784195782620
278885068978534
59394101459124
16982714013582
290939862108122
57001765038316
3298284799960
459192360737804
12875827491878
14466973832760
215974584528254
455626871617742
148251372179692
294115878618808
404647493370002
171905128407324
275995678361820
369868805558390
47271451565316
6617411381738
403359839450068
3514819126820
286179180670040
345882844996062
8877484069002
261092006154914
56706854321652
