784650327
126043164
106241635
958367313
76571799
563351393
781691924
815400755
95524077
534838413
384629791
926614465
909149178
249731319
708381788
987952938
33124330
241706231
185109954
794324267
75228256
478699680
251280447
573551748
862846433
474684085
69728684
715351454
852808482
893681980
482519102
416518191
279186783
198731068
523061959
498427203
417946270
678431890
651449622
817284284
405108401
868289762
386767052
323698613
789260834
810519392
726836009
493130185
907768222
3861143
638702925
681447799
2895953
779944936
900248333
270030433
837137842
743473907
659939091
471712155
723675616
953857012
745445567
966330056
746322525
235608389
588620498
382400416
698375857
150272651
205694986
782054536
742186315
726537935
815749965
235045948
762873609
590625425
185847088
256353239
978606490
592482827
718674820
646188914
250991298
747335341
106019840
404194308
77298415
530691823
244651819
574256272
663365670
222695268
421532041
204212012
327505471
884243538
754700833
566190286
143272095
281423411
457097604
599660846
532993170
469302455
132352267
347024807
670525135
783091342
628420489
331267414
783762585
148544255
27756094
107805450
9156294
734180388
970658342
690829850
368096281
216359574
131974516
415776426
417304829
987478620
494340806
342554892
56606446
260040315
404537893
975102986
672033833
906452894
2285553
705624599
86516031
674047163
294560791
63770048
329818704
393572539
726855921
658433771
671522688
448652785
837842142
878903989
662557382
69521048
205199149
597983016
155843766
408979179
283022056
967178702
448742326
698920914
467381273
886129895
99712418
108463633
764388043
190012503
206861961
294146461
598975416
568848462
603747676
399936256
718386662
164607537
749962670
377489273
274586040
716489303
962144205
315057502
150427632
317977057
270136902
629057193
683060566
529855163
770893406
976020443
508021177
522123482
502279814
600765118
916224077
689366877
701112200
665465562
97460112
355997496
781933214
934288623
477194275
183583743
143614418
352662545
210492869
103691193
309275256
581176351
530216497
968576075
656681757
980551492
455999278
321648163
622435094
259042517
453971879
125370984
488648428
461523318
595344526
945195695
248779496
726015238
994482312
577821239
483667093
735580972
672807128
928999688
137581555
984444516
949442184
856470328
73864456
892607206
542979653
15353739
354236045
735318260
569639681
275955126
948246392
483823822
753597619
121382663
247065807
866787916
449732790
871359262
429546799
105248614
118502289
733400062
751911716
440108061
543886663
245813218
127983651
921089329
149679166
280545533
248128919
179299801
356731
160925399
840631071
43878380
463211397
995759265
283889869
453057885
647002721
978612853
647398152
876975729
431415062
534398751
667940424
873396596
192394573
283995813
663398565
318146396
955414164
988242926
905482403
985070500
623180643
90065419
703696638
67634829
315348398
965628031
47974029
999691527
987483894
232120035
645730632
568676600
480116437
954772995
173812080
785516529
190417077
983040169
842427748
141601999
396872308
764534038
266368646
491763340
28219275
323297926
872583802
192683022
490805533
365407032
676370394
98618974
274451675
296240006
826395032
834317522
213363683
433803702
793438572
437778869
70306369
575870400
679412399
613949681
665381631
996321304
508675521
550295005
902692644
137481417
516190022
202926252
856744601
358617665
847424418
691948426
190673424
398326544
737763756
900256789
906584666
494290841
9350411
975775786
386096027
804173943
300075772
546641615
636925462
419779214
264517283
805056924
980665084
463303093
249392336
882435777
372027126
83187594
234342576
159016394
416872064
471258299
874535952
768578118
975449893
313323641
355840635
747858876
706271237
194299115
554897810
170389882
383259462
468603305
912670473
960879391
958929821
948459730
552067117
886437400
182908146
129322943
64860354
962495706
439042371
344664257
236192932
94269627
651638546
397906327
396107100
798658352
106495601
136003204
707373788
99926234
125622056
239753429
700368573
381724639
325890276
96894852
466927584
287251580
544410017
116025755
820553323
286498126
969592391
839668791
546667795
197582617
468578900
835999294
946700486
239168995
702593358
358594390
1121794
500195073
836121448
552967201
59528390
386101482
340421096
415876073
961544346
98533744
737925462
976083725
218706738
778180986
764722128
621050152
605224203
949492229
83406165
555166841
348539728
849158073
394703133
383155955
549400177
777208224
473787814
716853318
605941817
605846479
182350053
99986868
125061080
346367660
960061521
354979018
228515430
584914627
358496432
590707701
228580651
557775044
959287001
219626468
145650424
101911876
234465124
61021382
163200968
803130545
385165386
972183297
872365163
25546267
679110047
437332181
926383351
126118557
715755401
569624715
396350928
978345870
515541415
248641715
10127036
12874187
549012129
436192574
312137671
157896865
326918112
453471973
404099535
153070388
276343975
505638169
887783067
127453195
653814528
492284782
281414092
55015550
604796397
342749932
528973985
300955909
770633650
696124873
341066507
683333408
823288152
832960107
795786381
356468001
772991314
754339928
697781548
553240446
524920492
537911742
227675733
290253096
398275213
59271627
77361619
735689240
981255666
300814365
626861606
131127376
907579808
646049100
615284202
329532023
491399655
688326627
607355980
266258647
49276585
700792190
791593338
140395055
486436412
397217833
130163544
232669725
34014073
429839360
525937473
391251689
566407922
404298272
22739670
314824499
150299608
542982629
209832171
218312046
791653238
93732548
122037456
423062197
394074586
445484738
324492137
837891906
845021610
879286767
166617534
723956405
293138829
277361764
439451045
994726092
489634870
600025016
801565483
96577005
217954500
869919735
560460176
395260453
751368839
122843787
743291820
298339948
982365256
251171292
503894197
500791173
942751061
255084897
396190268
452484170
310250246
473283145
491521899
652165316
639388511
541927603
955764013
782400611
292484451
352270487
451951495
322690290
125619295
881481753
144403734
761241796
154208051
342930027
668489116
708056071
88999956
92096687
352731167
375970545
996390307
36535107
259393237
389086066
655823327
796837269
973187492
178927232
424866046
852473700
438482681
677712299
217015936
338258335
860181918
213109889
832246785
664148894
349778413
857054509
427744726
938603705
479500690
973441235
160296686
367399986
674821751
231885830
576815197
779389991
692471645
389746845
689066737
799778422
211554536
390402185
696858648
210255166
36313922
426643131
394468498
31503623
806956356
917393618
310012758
61989994
761373312
793708087
236102537
131045718
565430606
261695249
406088675
727095569
686166257
799422618
68357657
203583823
536380788
830145870
576454488
267221508
42380
12882479
689351782
722070921
684519113
137203399
310551501
79545021
968658875
762720715
299074462
722839855
785159958
168512036
757221280
399399568
974545499
216430663
219182606
164299370
44980196
289460213
596099547
939009727
786953329
16637715
107623043
151834218
486610128
45954755
983657815
50619038
624480104
99750328
423715740
846947740
989580507
379590645
629106531
486590019
390006640
692399932
508640570
334483708
372472588
528771249
57111963
86933508
308802338
729400537
381684828
267007153
194023221
621013458
68975583
119545855
310636044
507291590
918439240
131002652
485024638
640449768
361129607
544790146
647106259
34360420
535215836
365459937
783172479
306966154
243084131
848519071
507260817
917210140
19931451
655803161
901240283
191557254
570343050
908257390
557511918
315530470
587093751
298443608
389520651
941073805
972439262
139133124
541802519
127561795
155544418
879368711
211630013
379546800
777735047
374164689
591632
244509767
883627275
442851642
103950502
860923967
447381760
262124696
609494314
796267023
487870514
450171358
600845604
330904842
415270245
271408098
315729134
324968226
827992396
891875945
777279698
128809326
498427362
169854851
379571254
753195998
538452788
898062110
205752773
139780271
131801968
459677052
264713309
429977929
298952959
830133898
239954259
390452025
81395929
499882299
389087458
508028212
24804107
924910654
93908886
671931582
975656812
837514228
102129839
407525270
162931469
285317982
676252107
572361162
886445804
183412329
902943427
117628669
43896902
97324148
48720766
722634494
405628651
835191705
979001740
127298218
362691009
841635081
98197449
70464185
275295153
266851868
149226915
593297557
554766710
21100504
543602880
116710893
615129025
62306944
186131906
511965181
218587704
685277135
656245883
846523843
220848753
687387448
489850425
749011891
48967283
712464552
690902214
657114063
571717896
935715466
197806540
375256083
551441424
339827232
535430441
849752535
247216999
237596613
799893630
716395180
183985510
990645376
127745287
426089997
97847877
829942713
885500956
745644146
464435198
931298129
108285539
731002497
619916879
530477149
345753261
492758108
88717204
778226920
47319075
169559099
842228102
301525497
813811772
439876312
738150479
852436697
320203376
495721879
529648188
212055568
453372707
792444987
354401315
542115620
570467455
841770768
353287227
123006439
272643233
429766847
226278599
924050869
856260832
735489934
902473541
296191945
703471173
666070757
969780276
498477333
802446314
142410008
85096977
449806458
152480406
953860853
698262245
520637354
216326374
207689906
777254888
97885138
788687906
152454012
259069926
613821189
331871074
11885511
905197376
895510606
294541151
332107509
92217640
981740047
247549092
685666037
11772983
244144357
267080815
869840113
878627405
578759543
247533054
504592489
188121627
682854228
838749756
669219141
157557748
207632669
516223373
203900329
425297931
628821214
854099717
881565267
971875024
299392641
815906079
663508930
606498441
878888237
18465884
462347676
331555576
221394817
413263594
77496295
468278454
807265953
278225515
5862744
920288390
622157374
177607637
996767269
685737988
606889401
749740378
675163041
143236261
110967009
182529845
65027074
598068448
537575144
423204336
382582804
537759711
301279106
626626547
162687679
509808114
990336273
198739291
389183915
981127121
55826822
32690266
223187881
421790041
408095855
366376450
553403736
293431686
974476767
93086214
325442448
415641174
678419792
276083335
427833802
368105547
638745244
410260105
139505876
665536555
67572016
640975474
348312287
879783128
474217716
39723180
504254674
200255916
803549749
584523496
217613432
54733233
531045681
948265361
569303714
390148966
397397821
447705200
497756040
941743189
944735889
914687563
228140854
518237535
15136535
671543674
48719393
391724242
731912398
178171033
504814231
714971072
331054283
839935981
225637565
461949736
279774350
836388015
260367228
580543427
885336676
839934871
230583415
841953169
659187210
268653920
218497250
487969051
84206713
667380876
965828735
855978240
827162559
306006566
646945280
762853396
658092461
841646261
94866061
435759077
56218536
995222313
152754813
452575454
506701009
132347715
773574905
629930243
986882250
966479190
720550363
888424757
907663246
718830843
612842908
377227909
742608871
897967369
761468538
937061787
231038497
881294173
136121309
48873423
621820469
662144562
520119037
835489748
846104666
862134926
723936195
542242306
255432003
779107002
450572536
614345690
439936184
366170836
476478002
663334583
33039770
951891111
934423500
581409894
39496590
605184585
830151285
437193120
699504800
529758642
723134326
819263502
605022198
450132466
590673047
383420993
189375929
112330140
797231224
881013550
977779759
723422914
853516727
475229491
994293121
191126255
842048233
603685292
549429234
35548829
268671528
240505332
834811209
495626345
376029521
416514038
386511278
246018059
611356187
566953238
171725412
754562072
198863969
446331240
84132401
164024742
51454804
559653601
95446803
10086495
631248255
326017308
751231630
995671336
362210478
624264039
722263561
926594560
75250011
406073047
972445921
679980391
397264260
289148752
73743801
96550175
804582992
877519035
167321943
81067231
157785492
761830390
837811483
979590999
624267084
405903369
30121323
163653707
222168015
254274505
8030356
168441879
618231918
602148742
992729086
806962399
747696097
390193084
157358095
871179067
194687646
908520755
308544389
933707444
441380851
929595629
717874575
793648604
397540852
793451491
968663938
183571777
519710352
834510876
636484408
56579547
302797443
33522208
491205721
990886618
3643738
364103037
493126847
486837378
551747124
727432202
580277788
807555043
344481224
477924068
671873133
885451082
867008442
470027154
704503650
478601136
307283078
28717758
609896390
682073423
487111775
499169836
974094723
191524727
162124808
528591918
355705214
795266173
791447275
259602910
317554090
964448989
336335528
874244450
860151219
81237908
991324149
103226310
990762908
341506930
75497734
692441879
212942826
790610983
62198159
228717172
375048109
608720101
97239289
993768012
301203216
48604534
83983887
785036976
184755577
332669054
667212546
632661133
159069991
555857376
831577020
71022494
522215678
534744972
681708207
840711861
888999079
850032872
512485559
968143731
756685835
54196557
222624761
366616597
808618089
64625587
169124704
364839424
861237809
761747097
159821774
713946054
499169699
609131743
803563281
477339978
715143404
606059107
318650494
928511927
224356258
319755645
376766531
286010402
107983706
828208719
111229380
692981361
233270005
543389340
948959710
136825102
184263192
721850936
568532817
169081889
841334628
904420199
111081130
750707104
581554839
247353180
641213818
105176726
256169895
419448093
783295750
739822034
898594275
219923901
741462276
890089666
241421327
763212625
36167144
167427916
757887979
114603666
475557330
115255745
742958833
923117326
204843592
905670821
479618733
557054391
571692681
263228792
480219532
268901739
630449246
360849172
747624178
806998966
882978818
337194551
192471280
671663441
429528579
227163167
776805328
199128609
926216952
473073355
557263841
338971817
621761161
383024537
830785512
996924820
282087239
204157234
461222394
249704489
281961687
554190487
439920309
354262960
908448976
510560117
255162311
808209689
794125380
103184705
951239382
851307804
902635576
757816573
93049427
386018105
928186918
733236128
39196128
68342421
647085175
956392869
11836117
230247797
891713275
685545585
96206870
44359109
404502444
496201148
360886121
544415302
987088474
436395218
981064861
9394119
172929772
722669424
313346630
699648015
437060507
798194347
208533908
86434878
944506793
307950284
10572704
657135677
717588470
618008307
718701578
992083946
558860294
449038341
739038610
615713008
223803797
550984583
28990801
909960820
537533004
408006166
129296657
445083182
289784135
238683230
231392583
888430156
889267743
203445150
394823885
727233397
516260175
91015813
489311555
248645400
349380169
815098254
423758514
974261845
116868284
88836379
835879463
352342611
357358762
166847399
438547446
843775798
659058507
155119734
390068080
340538926
597051535
537832578
473058247
262204002
944436209
76996061
504226419
397649934
140251797
848831465
636620886
880240016
698237286
632137289
477927429
602571174
952118666
188586828
670728761
335156927
111718615
824801885
828433794
989466600
770561070
111989897
328874793
255597535
838909995
531901435
769905570
781596720
384032885
413149592
975437677
442526041
980650794
593843393
851998869
833820288
297421422
544871034
404871690
791258505
701368658
625554223
691546247
683246643
181221741
316310131
983295047
35413628
253323008
798616603
331182867
669925203
179119611
978883004
926588397
427000839
78858220
429346388
670099740
145016053
477352252
490020201
567436828
848126090
513169492
961993760
707264808
253247121
579613646
578671651
334197141
387814255
785313665
393305723
692268794
933127513
783003062
401897122
837914225
927687120
700524562
856440
358357154
275760708
299552253
985107457
477093041
916893735
506419327
668687550
823110368
274949422
777735241
925042191
491435714
69996917
131943580
960394800
148472242
982556123
379331130
778152991
33820061
486653691
773269555
420561099
906089678
589225338
974682599
938795482
35347829
67356875
674394147
28266800
724758140
592355967
609229866
330364097
59995181
807819936
592243005
848339059
406847147
764513594
972688318
444813539
534394749
817669482
31145623
535517504
450514481
939704873
849896271
582447702
18689134
349084948
878872644
266651790
195696568
498114903
983576984
763325358
282755096
763456907
348028623
961791395
77987666
486814150
864603683
278018036
198612661
25715282
665869534
649218845
998161583
546917816
869617478
616403381
680811543
993488384
116641063
566935487
583076477
942350804
789013124
183423896
792882594
523970881
518878453
796455137
60141457
336383877
63578667
528641142
786715629
908384251
334514582
223782297
405091219
740706220
54572909
306209861
880322580
240412608
249674878
695555605
887747038
219231436
492447875
857543567
357652640
330815074
970309165
858671456
685016131
712966024
173592549
542105807
997443263
940926480
981663524
491182688
539698453
911957102
258070913
900673340
939613420
951881892
69945784
529489320
268375556
571133168
920746566
296995657
990450773
54499212
174242
5989445
361006087
242664379
996484895
978436923
248869598
813869097
267899879
421283207
997519303
771118044
797517990
153532903
696457740
428987040
249448789
197900709
797548929
562393033
967157525
233252592
284941077
799857504
93232890
648106738
392007976
313247111
58651645
775631465
707652194
812169227
60362019
847141581
268332318
684294073
996331533
86094529
534723160
925636385
416285898
436339615
685146344
933845161
217035105
267205934
737868159
973199169
471220405
154995626
239090988
35077307
219448616
869589639
968691519
604871897
338328998
941693500
875376126
378658976
516496398
322235326
798693931
109396287
515420034
21545201
109828124
485062180
915962116
585047384
556914421
212842297
952234064
759674281
95713164
379026719
783045470
720323005
755015133
522903272
801529305
346438240
269118568
349978089
472843113
814831252
558423178
500798928
571686604
467934009
207301658
445642644
600192192
381860342
655982875
927733527
33730344
655930471
367203300
848372693
418282797
216172086
355226197
579733179
63140561
885353829
201879613
994178722
572526190
26080738
156116061
454857700
115896719
643342754
259353415
644554942
375299899
654137820
705367585
942612463
662479389
447201210
34480435
995789768
361508203
245959325
557789747
54618144
10733301
799480111
261290608
335475308
563937286
769490576
438708732
138979056
919898681
434078696
814942715
569805171
294842712
428394794
916550338
221379139
693860881
342279256
850661576
660514800
283681292
549000079
521043866
782406662
919788715
789250562
896162340
401386201
228955327
414450820
454099512
917884229
602913138
724693794
945805992
194328414
881711280
423595279
173403760
787636622
151267863
729651505
126305122
850051382
938390811
563932321
20162028
520601018
385515434
809923053
75537237
459601669
529433410
17665073
348349320
325765739
753959666
920836349
169856187
522347328
496312924
456879376
142744650
193210107
686387108
697787454
586125367
78404370
636246300
979678054
817743084
71221146
261561661
529367373
298055641
334559474
879172451
120700405
915748891
618101172
665971889
633587137
570165169
144740392
942169706
81539897
140338672
528052883
454182673
535104761
77644375
324360313
166239394
80934167
775575332
560346207
825701323
675637445
17757521
647671543
203912776
414157302
80625969
943372786
772770289
956387851
393552782
21024771
361526454
400200937
851918263
472320218
806305159
855378750
236400634
641031314
73370894
238077426
83723183
968258746
200713091
540276879
844395177
121347699
692832229
528126858
897826662
33844123
421079543
189610815
120475843
790636837
646955475
470977853
996717396
37875783
652577141
556651084
830739550
564296807
523265892
367480786
498075239
