767455304
558208659
977905778
116554750
834943342
658669598
65317044
355433411
856269711
914643818
647018336
90313982
964198965
927254759
124832707
853809447
568067635
520921745
213304039
109758128
187737509
982332587
614481264
909010681
566482101
719065889
111828307
348520419
509681899
964628148
397017262
410198701
812538422
851276748
175595915
777411200
473298865
486647610
344352016
905484537
109175389
441462191
137314768
946811448
745049068
332292827
667256263
896245285
782746208
96989773
378747043
728707859
425293921
675044919
734460827
429102129
826141748
183063141
775497340
181844666
316933135
811785891
292712840
701173438
937147683
80218768
425600307
322779776
341472921
508458510
362294024
956735253
796849892
548780059
536975193
16714745
73055995
747550895
892605544
112945963
897699446
900384158
622046422
502320149
989034347
909123961
923152434
102441365
22908589
592140592
484654244
300842426
616130091
463490196
512753128
821437959
588173268
554489429
888802448
187764045
580527001
620484528
815858179
314050938
592022721
298433730
552732455
876913658
132487659
654305922
521733373
677154938
25291950
470486242
903962626
438930259
460929520
991448684
26811979
418240272
371134200
590519859
166825253
101321618
34325153
873548778
5266902
849757184
965070516
143543622
268849767
488063874
172740908
91794981
830941716
628793034
845715110
959859347
749750592
849173484
210632899
910352908
121197005
161617826
832728371
920416325
399290535
678673802
833836744
394161198
300390383
930127546
334273345
298698584
375623554
499126199
987693046
472279741
122952254
127690187
696076368
676174857
50373046
783949789
478785144
980377619
986965740
641481836
661978349
790050018
383769864
23652490
329102375
515901140
912058074
382226230
938029176
448837585
901324312
152499079
141332747
392047179
763647511
38180318
871539947
152612281
503885827
78846446
792593392
331191588
196566893
957946481
516402831
313373517
40379506
898316509
835989561
978652898
439777068
182154552
512565635
80991322
772622506
504691679
70494480
297604779
848007930
903921042
998271406
897835642
278812997
43825947
593129016
591604320
513997276
904363432
417470601
254167263
304516052
285428569
100734468
704026676
352536588
809352708
790117441
964668569
578098372
490124006
103833786
228075407
153933028
141155714
418965919
455417262
763875983
40394125
553391883
595173929
621990421
435849371
103606176
458920999
430659444
545846658
166228731
790693614
18907532
95069809
5246193
611675765
11611455
524161744
188069579
600723584
375117336
523158405
551741086
350207784
17270013
17392508
11183200
54804303
686056994
310703703
792637581
545106876
90724001
28103343
356829992
913638665
916258124
883609440
666754036
381066104
963654556
564902397
196274384
464860572
970472556
784195743
614040480
572196555
256826085
262428820
281591774
134325856
526343358
851667843
767436708
141106511
385785986
919692194
432439362
395815354
252808758
64037498
949810105
686855824
973904458
557659716
14025242
659488840
211121789
366757167
385928974
255644482
227887093
713794510
139568226
673851729
723856764
213856562
38884747
881576600
462443859
318840186
187546063
114367836
750407780
136601167
63546780
994543462
329613773
636168453
709945451
876288292
596366021
95860381
209811716
784191221
296822471
792898847
800214952
559119882
933808310
518151867
913521580
808955444
323986176
865975654
668710140
923294735
280157453
378951444
831046489
91652115
946210582
240695414
694109049
511634127
698716393
937154624
891841223
298639922
210153162
229272642
802716672
936159692
786878852
878322689
909872506
690363386
252376698
755479443
886374299
333547228
653022429
427470104
883054276
436019186
157407312
195953143
717047701
904213216
246926797
719914716
766631648
957065343
120906334
941656294
292777385
731148198
302654598
82694352
120187249
748108564
366697356
515173480
211148696
764006834
461050317
967813423
553167500
941001139
929245764
768454320
753066537
724195104
583919240
690190211
276468395
180252955
715619585
113865484
394865771
543445007
574493701
629724231
140563435
438944918
443161350
215297358
501050443
204473276
603852759
667598492
364775673
573407824
667844000
426880620
122686026
181204191
826611294
440910672
46460816
852291879
355304398
636589481
837738259
596668537
893806999
375032714
783243870
356582822
906408668
747037543
679436135
250788493
809996799
920343967
517300898
814346175
882985876
550274456
789021271
119766397
193902243
492981883
96414713
183089183
56853336
175169136
31581770
809297570
363404552
812619601
165939171
745714303
660634082
61298884
930704754
366398820
656798268
172278098
653186438
474414004
291065183
728493573
131976844
412436730
857353798
410804179
152980805
545918711
106657210
316232372
359106619
347752950
811598976
861465430
117212971
137594813
599141113
290284797
175455684
872454941
857786029
378629042
594538738
814115664
824017250
128286633
727725743
779401008
544362874
284862024
781221397
36549201
770829221
322881147
899821768
686733243
802099476
894002966
704025143
885966857
970283937
22824753
992285535
151549627
872478914
322903061
276333410
983665749
142220227
242147010
784074802
637265606
825247233
193943041
587788
102973693
506312149
491885690
814762483
897124330
467121310
918269711
92541407
99462882
201860781
461630661
521300118
468883806
736144261
237164223
869190447
783042008
618081818
232319038
927115101
73370832
805114313
340347747
892061596
27588613
999607724
932931392
445288150
357681495
847000600
777457308
341584249
581145322
367590699
693450265
870888699
609622287
677327859
957728313
963434795
191876029
214110888
213429531
837409225
299056719
807714954
4726481
266440635
618324768
635942043
547376354
19205920
497187337
849262908
221018025
711514714
237407722
890427609
164501836
818998975
39171797
801448554
588604381
602715000
998416347
120434182
83774670
273679005
385415064
552406473
572654869
790174449
798031511
582830665
61001875
721424059
884037042
951871246
210675948
374876578
931577003
724043473
198035278
983296483
18850355
493771682
605655677
624569974
12272875
853670717
829691211
329048542
147865319
13993775
42561124
339781103
414314030
517798330
931784440
432519206
735666334
563770791
447500506
940191105
792086036
61266462
964396671
838774074
84855205
824160341
445872380
41741236
177482906
830657565
199213895
641679828
184050188
92740285
316117030
73653535
146823350
234119735
354524596
710499729
393839330
969788559
94032556
656165778
5665312
148011578
651634928
881212286
858147542
975275737
376362821
151890214
480749601
248784604
580683175
319745080
306671295
969035761
86046069
108553583
461416721
71874480
913038897
243688791
152445711
48483194
562247091
527069215
240044699
356997194
931342317
936705921
740744553
725077601
957529633
424575357
971884861
487798755
492423275
281405261
106576461
731005458
587344436
12349761
24024564
7519755
930611444
697409234
623608791
554317720
269709985
687220653
923146882
593119421
172645555
995898968
651044652
67041783
943407573
358118272
315036584
940212358
103647821
605865652
810478797
590527829
463291244
392907726
544583441
433887257
637027620
363402206
61101413
339695777
810375113
9682220
405673715
362838930
840964240
143101719
218812072
334578174
886140136
801471406
197268373
734294727
990115127
957277214
568187569
785967105
730751230
923523471
929048755
348846857
656095062
926071116
751579845
512689248
31299013
25295569
161997416
191183425
683279236
925754123
56696868
434853822
386510417
899063656
893833147
935958705
711189941
770935081
577895626
398384403
482314218
760679690
977840498
632750941
963144156
128573484
76000951
694017248
69700190
142855676
285793025
894981245
974822988
124968028
872032895
553147175
395804022
503570649
958348607
215423764
282464135
549178642
896031925
302695988
198839704
980956935
574096276
831991917
857028243
59651864
432800484
611337853
155004114
249269819
388473508
211243294
866792739
877437984
270054301
796961114
4415480
37812386
253475750
250295761
42448098
807840587
933049014
2127348
464108376
136620902
926420233
626172352
898619009
624883276
712284159
557460660
237237302
139734010
468159326
668412921
752745417
330936129
242041803
933184945
108591039
516887803
447641043
618796212
763753907
112074866
636740151
119599766
276318735
755143879
299476557
681539593
260539054
874779425
454428419
398246981
478331335
475883969
512785726
58923514
848763637
518633163
833958847
665169628
595057470
740916445
123196852
148695986
724958499
273257080
951129626
786137433
775243626
451115898
647310674
952022210
953519880
473574823
335833170
712660534
253298153
795102863
670259517
153619934
461600393
709788636
538195579
614111124
248858798
779621769
234637506
601514033
121902650
503289676
961726558
352186030
947475795
672391443
841303272
344901685
12957033
944537645
424024622
743402572
837168498
302692349
672667382
930438505
946690114
953032597
353028711
345457333
711163359
760056488
475838123
768177576
329640656
409607079
542428035
325376714
65079716
843991402
780400298
836364993
636219369
30899507
13226626
945356071
34021621
749352615
907540410
246260099
27619864
923525134
105680203
990400783
236178430
445148807
814300127
108114779
38340950
513638613
419321748
321944592
832652510
572605128
940431633
429926778
129640494
822296999
603848602
34064510
816275562
633050676
46070164
95442941
649335239
5326918
766836541
186308604
912849287
686444497
699145067
788553033
401067408
511030669
630601293
923506701
77998323
602763445
44959536
933157384
571064926
637121549
885012357
451098942
743333153
356231841
231781053
989414585
793612178
368326022
404623353
309909469
418847139
91247271
897444001
899170839
591138717
12443836
826484083
493378270
452091865
318767583
929740421
802718579
9140601
99424097
117914968
362394699
139172351
997973010
443738488
59594807
805865538
534626641
549949637
620339215
569366788
450655812
101463903
27323069
986559616
566635176
35885040
140084897
871064165
686692579
367529379
202825037
267244247
74054164
686139037
358212414
435538141
97970700
191409388
199651796
457017968
159413998
518705761
110936989
966469772
181065281
982652319
942862167
573588948
981211916
509794319
880660642
39805262
148977632
62627049
791866875
675650332
384491941
886099698
275863599
986226697
993381710
121802841
430038600
623631988
275515057
937124892
470036615
866417588
997413148
793548290
664714944
706194809
272716865
889487636
668393388
168792846
216954398
299996276
687726282
284217887
603011149
500623208
862335672
869731526
715005474
645276885
894141469
122873877
817541141
168587886
651821283
677439455
677571323
986140112
360415375
264946422
170277159
561666921
891742397
469868853
813328296
981111732
170128120
405801770
937219316
225796049
765945719
362310785
376864322
138505077
668980525
161059478
236016616
940683250
116868096
76964054
512503338
498270804
843153563
60022500
770712471
22433833
171661275
354532810
963463587
121290621
357040871
89494281
385296698
231015543
612697497
143879284
960145854
730335627
548081328
341531726
146461323
953582112
933879062
612676012
230665333
876324958
314996307
375893648
2017167
900881747
881804257
852442295
726619308
330163708
784029328
929338465
308885682
266468166
722074224
208229902
369296911
810288605
579805498
682451083
188266970
351901666
425001063
950807235
775530146
772912428
766968738
176340453
940636009
930508638
255056405
487114259
321235219
523753251
893964935
736612847
209166002
233760879
103995623
563580541
900474232
241451846
171230973
710844183
39580580
480372879
992608225
998761926
783105756
657607854
748029321
217018255
535005603
895618176
207611581
75516058
23504355
742967705
665492976
317452104
493115328
760413375
768034075
837296976
954432939
497782104
394684086
37543504
519232798
422551144
418311442
766149987
910770513
351613220
925815214
991657589
509168739
695093704
52411099
637502818
409291130
937984219
703639543
89379003
500443314
147410258
367215160
992651340
615741905
121528617
56446502
84145268
803754013
622253729
4010193
621924122
509102128
543541490
881492518
761552867
644622788
961294173
577419743
168675718
439974837
223875997
921521705
517143814
55838393
75106320
371285254
88799336
880172700
284843500
314046729
301701439
34012420
47811259
495282327
439964149
112038948
701411257
929312491
829047362
243098931
231113540
859023177
780625025
500173926
578916839
199536359
574225630
151442293
787257240
53721248
27028655
223226531
99486269
9112598
641004586
399896280
923494800
923284088
384744517
973193652
949349684
237467802
470365411
429408869
522486674
547384771
549318153
908324016
356093181
202891846
517745222
160293592
635082997
74517392
574500316
122441466
500673086
790894396
413348790
634896168
217369743
834159199
506481549
549889904
784701493
757708770
277768858
114132953
541938209
911056468
511292165
529309144
894545577
171201619
332371715
969545435
409414922
220512465
310323581
346860237
86560604
897775979
444341111
866028045
562390469
201622107
410271757
50975199
474585110
784007115
489323275
816166314
200107357
602379224
120976081
826162437
891294303
262335333
86375646
728124327
872551222
960046059
228762454
226854380
797472364
711434712
370545057
185238281
96507322
386324748
946285861
844674342
740783403
524750544
818088996
882504478
33412784
45975428
855479043
451024986
436769941
63764305
266172031
280249174
762662766
966053428
123621770
261359043
822791158
517891834
817213551
534226498
782701228
178614084
747268842
38182876
242533457
179245305
409199524
789029208
898108617
374211461
242341755
182617705
408370248
697814850
193995614
948100017
769642937
387063896
64446575
190630946
455400708
270110684
223708835
365910000
729392150
997501527
855590885
936481281
868798848
764659723
282146708
71548488
818332838
131474711
264102830
259347886
45071247
661175763
526581052
542723146
109009158
751252357
863285542
988369211
168794984
309420274
409295888
474287523
614712962
535709443
201547312
404233676
482876943
84348832
285232967
557328941
739836170
429484676
55854985
142360616
416622728
295391343
831399502
134167083
817699186
344652541
8033743
412713452
720777586
362088059
580574669
103723136
508120504
352539611
234137662
55944987
244603781
186663647
676270933
737816156
688176575
996946773
51729017
979176839
428254242
419032850
60427711
123377802
30938021
431960200
577542851
664994986
847116907
710575084
750227475
994363975
220153322
446688181
521777275
243624856
563495578
555697657
43035405
84206740
277368367
398379985
357608196
913736477
74369691
508411854
125973009
610632870
507684243
822417565
501895631
413439559
824526518
691096504
322813709
590607648
544867437
535232917
277718585
118342831
543004501
562515872
971020542
862289061
349782538
456087012
320483975
106974851
560645398
594715499
60195168
899436317
707833200
201338823
637112403
740128383
566007678
572410362
337150561
810927223
900727235
473270022
519458654
588449293
708449541
980389932
385541553
380961008
491687812
336247726
137520908
453481618
104817540
521947316
575062599
843151298
78067818
865568296
940544575
30319821
503571553
188276535
481390710
673213920
418926096
404147424
805638221
460522831
455648766
341755846
919974072
490626034
510289500
567496620
448062442
168934876
752526732
906878049
549961524
305936227
888192264
682367634
144362040
364053919
444911372
383720472
992338431
209052627
360190758
755346848
639445320
722169988
627209472
126712851
818897713
32411690
16502097
395752685
633780408
511377781
361374263
497934731
273542211
978467984
261234788
745742193
863573500
215815198
443623464
565860572
158971244
942784810
317208748
938069467
509329444
901711749
338244825
828060817
701270472
460695306
432965202
878669258
522333888
176788081
993728962
419628611
916870506
557484498
884967925
848980506
555652624
842373172
847960421
779380546
429662412
191385865
120531707
883138678
15637546
652356581
85382097
947565580
753834807
863135306
386228601
827050823
340019073
483954817
356575999
10441050
669784662
979072198
549404267
620217109
309234197
505557719
288988195
645705626
855532222
716376011
350466844
16447893
674650765
523401318
417581543
862472659
283996429
655026857
575274411
550332583
639969127
880007311
46209905
607151281
377008233
22376406
968783619
662037020
639680087
619220898
882325784
94036026
893575045
603835643
541442775
717354864
855607674
436700553
461334323
199100020
110273471
386305077
295518096
815278804
176946476
543941916
975815845
226188673
702388353
337043986
425065663
209291087
69473548
436083565
871714724
548011607
513351062
848721120
517969141
332001435
412706458
875558442
282335757
997140142
309661193
74864303
315285289
763049638
875242340
968082219
133209860
684120190
935182025
99392044
476084627
162727983
622580312
722718548
914833724
196109068
150597868
959119027
602071492
364771719
648942532
938551526
149553714
767978493
948308902
440953964
625331730
730711502
364406430
75186109
480950413
804059392
168466281
705900474
943224036
635717228
113448764
464274602
33091949
996039722
11429698
637714383
556238840
750852653
983367421
367352604
146160355
650134870
284282843
844172855
326075888
16067996
270724168
776881849
565479083
162968465
484418352
762981574
219441827
926680390
469306882
83823892
833123374
182000031
404188149
137837185
501761072
879478753
814337129
219178456
835795323
275671508
557150402
862035407
373895884
179398280
382547996
767453650
998664430
967939692
770385955
893473555
935187273
49275415
150239510
233938342
993613078
451889229
578765401
655130341
577189173
596769445
718613038
539176823
196260769
354273582
701523376
616539217
170946691
81324918
193221410
804283695
403088248
615428485
92311356
741226021
852967964
989197218
342824854
806793582
444163978
187329474
401377013
347802318
686267606
614816704
819638474
627098896
75502655
849051362
386905631
149025439
35505732
848408938
652206059
920121233
998408746
61238992
334202740
367873611
288567655
110391770
39929461
312571323
95193219
15688603
461216913
734614107
614353164
611921211
342277074
544192028
398932545
707735597
884963247
554011849
469817842
645139620
222417928
69643120
61040494
920250363
569120787
447071366
612762699
676872120
584298675
40598297
20435857
237141413
500849799
271131592
76297956
70929411
728540766
916095705
749478874
542685592
488977800
372363052
815958984
7294187
592712466
518602414
318242123
869189406
150141445
353641966
30689233
13992931
166071379
848567991
928102879
291394627
293592831
315786147
856588638
697736466
773862170
991894050
247629957
720895835
399661830
670036384
384717266
29443367
867992171
109426820
901369000
88363277
169571717
86239740
893242771
59767658
237995700
724339636
417847763
790550669
674999521
607071530
257345306
700759001
724049098
606994167
540618401
374532361
234235021
489921231
551484566
938977014
435580216
389170373
450292254
22425213
434930844
160443862
560974127
875080189
772677505
57680343
834364656
475573533
234086902
210236339
523325258
877676678
749975063
838185143
479436332
82587270
576436464
998749190
406542524
110632909
237468165
675113999
797506838
495111502
101173901
938145371
961957948
769325185
710423995
648167432
670306570
654785229
438232418
363757885
100421849
561369175
959999897
80139320
893685316
162837393
464406935
487472270
745148558
994075197
516121158
107700269
773484867
784834342
179155719
926303114
102366889
891745514
116022406
406675739
686681538
356793333
668206541
595083962
172083716
940022820
687706906
611649291
512081229
730520578
740677810
901252440
601739671
952873584
162365577
272008636
259855373
816723246
998045820
630427826
820868958
481942880
593531663
467663091
151055225
179241425
180089733
751569314
939666836
105693561
438774231
15060510
8677420
356305117
241667526
391162207
387846144
350268552
98680299
943083698
259440079
153181576
737894327
515862913
202505756
669203820
358407063
399985698
379556040
287751006
969117290
805847180
731099566
112882944
961076839
