Case 1: Not ready
Case 2: Not ready
Case 3: Not ready
Case 4: Not ready
Case 5: Not ready
Case 6: Not ready
Case 7: Not ready
Case 8: Not ready
Case 9: Not ready
Case 10: Not ready
Case 11: Not ready
Case 12: Not ready
Case 13: Not ready
Case 14: Not ready
Case 15: Not ready
Case 16: Not ready
Case 17: Not ready
Case 18: Not ready
Case 19: Not ready
Case 20: Not ready
Case 21: Not ready
Case 22: Not ready
Case 23: NAN
Case 24: DONG
Case 25: 3T
Case 26: 3T
Case 27: 3T
Case 28: 3T
Case 29: 3T
Case 30: 3T
Case 31: 3T
Case 32: 3T
Case 33: 3T
Case 34: 3T
Case 35: 3T
Case 36: 3T
Case 37: 2T
Case 38: 1T
Case 39: 1T 1S 4S
Case 40: 1T 1S 4S
Case 41: 1T 1S 4S
Case 42: 1T 2S 5S
Case 43: 1T 2S 5S
Case 44: 1T 2S 5S
Case 45: 1T 3S
Case 46: 1T 3S
Case 47: 1T 3S
Case 48: 1T 1S 4S
Case 49: 1T 1S 4S
Case 50: 1T 1S 4S
