(x - 3.000)^2 + (y + 2.000)^2 = 5.000^2
x^2 + y^2 - 6.000x + 4.000y - 12.000 = 0

(x - 3.921)^2 + (y - 2.447)^2 = 5.409^2
x^2 + y^2 - 7.842x - 4.895y - 7.895 = 0

(x - 10.500)^2 + (y - 9.000)^2 = 6.801^2
x^2 + y^2 - 21.000x - 18.000y + 145.000 = 0

(x + 33.686)^2 + (y - 84.302)^2 = 100.031^2
x^2 + y^2 + 67.372x - 168.603y - 1764.717 = 0

(x - 42.830)^2 + (y - 22.191)^2 = 16.849^2
x^2 + y^2 - 85.660x - 44.383y + 2042.957 = 0

(x + 279.295)^2 + (y + 19.738)^2 = 314.221^2
x^2 + y^2 + 558.590x + 39.475y - 20339.607 = 0

(x - 32.340)^2 + (y + 9.494)^2 = 66.838^2
x^2 + y^2 - 64.679x + 18.987y - 3331.372 = 0

(x - 9.000)^2 + y^2 = 2.000^2
x^2 + y^2 - 18.000x + 77.000 = 0

x^2 + (y - 12.000)^2 = 3.000^2
x^2 + y^2 - 24.000y + 135.000 = 0

(x - 0.500)^2 + (y - 1.000)^2 = 1.118^2
x^2 + y^2 - 1.000x - 2.000y = 0

(x - 2.526)^2 + (y + 2.750)^2 = 6.645^2
x^2 + y^2 - 5.053x + 5.500y - 30.211 = 0

(x + 0.011)^2 + (y + 2.800)^2 = 3.932^2
x^2 + y^2 + 0.022x + 5.600y - 7.622 = 0

(x - 2.000)^2 + (y + 8.500)^2 = 9.552^2
x^2 + y^2 - 4.000x + 17.000y - 15.000 = 0

(x - 2.700)^2 + (y + 4.501)^2 = 11.133^2
x^2 + y^2 - 5.400x + 9.001y - 96.399 = 0

(x - 4.883)^2 + (y - 4.066)^2 = 1.784^2
x^2 + y^2 - 9.767x - 8.131y + 37.195 = 0

(x - 142.500)^2 + (y + 119.500)^2 = 185.974^2
x^2 + y^2 - 285.000x + 239.000y = 0

(x - 0.550)^2 + (y - 0.550)^2 = 0.778^2
x^2 + y^2 - 1.100x - 1.100y = 0

